2026-05-18 16:56:43.415 [http-nio-8080-exec-1] INFO  access.logger traceId=7e1b7fc8da8745d5bb4608693dfc0f9f - traceId=7e1b7fc8da8745d5bb4608693dfc0f9f userId=1 username=1 ip=0:0:0:0:0:0:0:1 method=GET uri=/api/auth/menus query= status=200 costMs=441
2026-05-18 16:56:43.689 [http-nio-8080-exec-4] INFO  access.logger traceId=63a0550b9ab64b3fac2dcd59b792d152 - traceId=63a0550b9ab64b3fac2dcd59b792d152 userId=1 username=1 ip=0:0:0:0:0:0:0:1 method=GET uri=/api/auth/menus query= status=200 costMs=18
2026-05-18 16:57:04.304 [http-nio-8080-exec-3] INFO  access.logger traceId=03192be229c64988842868d30946c531 - traceId=03192be229c64988842868d30946c531 userId=1 username=1 ip=0:0:0:0:0:0:0:1 method=POST uri=/api/admin/codegen/create-table-and-generate query= status=200 costMs=554
2026-05-18 17:21:04.745 [http-nio-8080-exec-1] INFO  access.logger traceId=6cad3531492542ec9ea2a71a017c78bf - traceId=6cad3531492542ec9ea2a71a017c78bf userId=1 username=1 ip=0:0:0:0:0:0:0:1 method=GET uri=/api/auth/menus query= status=200 costMs=622
2026-05-18 17:23:38.904 [http-nio-8080-exec-2] INFO  access.logger traceId=ed55c58b1cb448b68e335d2a26d47d7d - traceId=ed55c58b1cb448b68e335d2a26d47d7d userId=1 username=1 ip=0:0:0:0:0:0:0:1 method=POST uri=/api/admin/codegen/create-table-and-generate query= status=200 costMs=13677
2026-05-18 17:23:55.495 [http-nio-8080-exec-8] INFO  access.logger traceId=37478b90d4244679987041d8077d6de2 - traceId=37478b90d4244679987041d8077d6de2 userId=1 username=1 ip=0:0:0:0:0:0:0:1 method=GET uri=/api/admin/codegen/frontend-packages/cf153c72f1c9492b99e2c67a126d5583 query= status=200 costMs=23
2026-05-18 17:38:02.761 [http-nio-8080-exec-4] INFO  access.logger traceId=237b2d1e46474f809eb732e0ce0fb4d7 - traceId=237b2d1e46474f809eb732e0ce0fb4d7 userId=1 username=1 ip=0:0:0:0:0:0:0:1 method=GET uri=/api/auth/menus query= status=200 costMs=18
2026-05-18 17:53:08.250 [http-nio-8080-exec-5] INFO  access.logger traceId=a20690cfdb9748c4b84775c4bb8c2e6b - traceId=a20690cfdb9748c4b84775c4bb8c2e6b userId=1 username=1 ip=0:0:0:0:0:0:0:1 method=GET uri=/api/auth/menus query= status=200 costMs=16
2026-05-18 17:54:53.745 [http-nio-8080-exec-7] INFO  access.logger traceId=2be56f2374a6424cb6dad08fb118f928 - traceId=2be56f2374a6424cb6dad08fb118f928 userId=1 username=1 ip=0:0:0:0:0:0:0:1 method=GET uri=/api/auth/menus query= status=200 costMs=13
2026-05-18 17:55:01.757 [http-nio-8080-exec-6] INFO  access.logger traceId=977633c0823f4dff9dca38eab4f00d47 - traceId=977633c0823f4dff9dca38eab4f00d47 userId=1 username=1 ip=0:0:0:0:0:0:0:1 method=GET uri=/api/auth/menus query= status=200 costMs=31
2026-05-18 17:55:28.730 [http-nio-8080-exec-3] INFO  access.logger traceId=2b5490d533e44ced9152867a5326bd47 - traceId=2b5490d533e44ced9152867a5326bd47 userId=1 username=1 ip=0:0:0:0:0:0:0:1 method=GET uri=/api/auth/menus query= status=200 costMs=16
2026-05-18 17:57:05.400 [http-nio-8080-exec-9] INFO  access.logger traceId=a2effced58554ff2a838e19ec01dd6c9 - traceId=a2effced58554ff2a838e19ec01dd6c9 userId=1 username=1 ip=0:0:0:0:0:0:0:1 method=GET uri=/api/auth/menus query= status=200 costMs=15
2026-05-18 17:57:05.792 [http-nio-8080-exec-10] INFO  access.logger traceId=cbf92954c6cd4b14aa3c45adc954ec24 - traceId=cbf92954c6cd4b14aa3c45adc954ec24 userId=1 username=1 ip=0:0:0:0:0:0:0:1 method=GET uri=/api/auth/menus query= status=200 costMs=14
2026-05-18 17:57:21.674 [http-nio-8080-exec-1] INFO  access.logger traceId=f65fc58003ed4eb1be5326b28f994e40 - traceId=f65fc58003ed4eb1be5326b28f994e40 userId=1 username=1 ip=0:0:0:0:0:0:0:1 method=GET uri=/api/auth/menus query= status=200 costMs=14
2026-05-18 17:57:22.790 [http-nio-8080-exec-2] INFO  access.logger traceId=35fed20ab3c449eeaa74292b111249a4 - traceId=35fed20ab3c449eeaa74292b111249a4 userId=1 username=1 ip=0:0:0:0:0:0:0:1 method=GET uri=/api/auth/menus query= status=200 costMs=13
2026-05-18 17:57:50.750 [http-nio-8080-exec-8] INFO  access.logger traceId=498c915c08804a4cbdd7f0946e1eb4c7 - traceId=498c915c08804a4cbdd7f0946e1eb4c7 userId=1 username=1 ip=0:0:0:0:0:0:0:1 method=GET uri=/api/auth/menus query= status=200 costMs=16
2026-05-18 18:07:55.566 [http-nio-8080-exec-4] INFO  access.logger traceId=a048b2a91835480abac88d9e99dce152 - traceId=a048b2a91835480abac88d9e99dce152 userId=1 username=1 ip=0:0:0:0:0:0:0:1 method=GET uri=/api/auth/menus query= status=200 costMs=25
2026-05-18 18:07:58.901 [http-nio-8080-exec-5] INFO  access.logger traceId=92e82e172296422e962cec7366f4683c - traceId=92e82e172296422e962cec7366f4683c userId=1 username=1 ip=0:0:0:0:0:0:0:1 method=GET uri=/api/auth/menus query= status=200 costMs=22
2026-05-18 18:08:03.841 [http-nio-8080-exec-7] INFO  access.logger traceId=4191e023939d45ac95b73a3913ca883f - traceId=4191e023939d45ac95b73a3913ca883f userId=1 username=1 ip=0:0:0:0:0:0:0:1 method=GET uri=/api/admin/menus/tree query= status=200 costMs=43
2026-05-18 18:17:22.473 [http-nio-8080-exec-6] INFO  access.logger traceId=924794102c2040709b417e810e404619 - traceId=924794102c2040709b417e810e404619 userId=1 username=1 ip=0:0:0:0:0:0:0:1 method=POST uri=/api/admin/menus query= status=200 costMs=39
2026-05-18 18:17:22.522 [http-nio-8080-exec-3] INFO  access.logger traceId=821c501e743644d7928f6c5f982c87a3 - traceId=821c501e743644d7928f6c5f982c87a3 userId=1 username=1 ip=0:0:0:0:0:0:0:1 method=GET uri=/api/admin/menus/tree query= status=200 costMs=11
2026-05-18 18:17:59.237 [http-nio-8080-exec-9] INFO  access.logger traceId=3c33c67144754c4abbd1129bbab42a41 - traceId=3c33c67144754c4abbd1129bbab42a41 userId=1 username=1 ip=0:0:0:0:0:0:0:1 method=PUT uri=/api/admin/menus/18 query= status=200 costMs=77
2026-05-18 18:17:59.271 [http-nio-8080-exec-10] INFO  access.logger traceId=995636bc82c141b6b6469aae1d940404 - traceId=995636bc82c141b6b6469aae1d940404 userId=1 username=1 ip=0:0:0:0:0:0:0:1 method=GET uri=/api/admin/menus/tree query= status=200 costMs=11
2026-05-18 18:18:04.816 [http-nio-8080-exec-1] INFO  access.logger traceId=e13aa199bebe478592b98ca5f810f517 - traceId=e13aa199bebe478592b98ca5f810f517 userId=1 username=1 ip=0:0:0:0:0:0:0:1 method=GET uri=/api/admin/roles query= status=200 costMs=12
2026-05-18 18:18:07.707 [http-nio-8080-exec-2] INFO  access.logger traceId=e47dcbeb756b47acbe72d6e91731e181 - traceId=e47dcbeb756b47acbe72d6e91731e181 userId=1 username=1 ip=0:0:0:0:0:0:0:1 method=GET uri=/api/admin/menus/tree query= status=200 costMs=11
2026-05-18 18:18:07.759 [http-nio-8080-exec-8] INFO  access.logger traceId=476213f215734e31ba67b533781d1295 - traceId=476213f215734e31ba67b533781d1295 userId=1 username=1 ip=0:0:0:0:0:0:0:1 method=GET uri=/api/admin/roles/1/menus query= status=200 costMs=12
2026-05-18 18:18:11.845 [http-nio-8080-exec-4] INFO  access.logger traceId=ce508880bad34cddbe74bbddc83f1804 - traceId=ce508880bad34cddbe74bbddc83f1804 userId=1 username=1 ip=0:0:0:0:0:0:0:1 method=PUT uri=/api/admin/roles/1/menus query= status=200 costMs=27
2026-05-18 18:18:15.754 [http-nio-8080-exec-5] INFO  access.logger traceId=f9e786f3d17b4c498954c85660f2c47f - traceId=f9e786f3d17b4c498954c85660f2c47f userId=1 username=1 ip=0:0:0:0:0:0:0:1 method=GET uri=/api/admin/menus/tree query= status=200 costMs=14
2026-05-18 18:18:15.788 [http-nio-8080-exec-7] INFO  access.logger traceId=079a46e6b6544591a2439137d1320dbc - traceId=079a46e6b6544591a2439137d1320dbc userId=1 username=1 ip=0:0:0:0:0:0:0:1 method=GET uri=/api/admin/roles/1/menus query= status=200 costMs=9
2026-05-18 18:18:20.307 [http-nio-8080-exec-6] INFO  access.logger traceId=b3ba7cfc84df4ea88cfebfa93052b4a2 - traceId=b3ba7cfc84df4ea88cfebfa93052b4a2 userId=1 username=1 ip=0:0:0:0:0:0:0:1 method=PUT uri=/api/admin/roles/1/menus query= status=200 costMs=76
2026-05-18 18:18:21.871 [http-nio-8080-exec-3] INFO  access.logger traceId=ac9a84997fed49909e247e96d97d4d49 - traceId=ac9a84997fed49909e247e96d97d4d49 userId= username= ip=0:0:0:0:0:0:0:1 method=POST uri=/api/auth/logout query= status=200 costMs=179
2026-05-18 18:18:27.533 [http-nio-8080-exec-9] INFO  access.logger traceId=3dcd1f9c42ef4fd689a97dd659ab94d5 - traceId=3dcd1f9c42ef4fd689a97dd659ab94d5 userId=1 username=1 ip=0:0:0:0:0:0:0:1 method=POST uri=/api/auth/login query= status=200 costMs=186
2026-05-18 18:18:27.574 [http-nio-8080-exec-10] INFO  access.logger traceId=c48a9146bed9438098e2d0ec901f7389 - traceId=c48a9146bed9438098e2d0ec901f7389 userId=1 username=1 ip=0:0:0:0:0:0:0:1 method=GET uri=/api/auth/menus query= status=200 costMs=15
2026-05-18 18:18:38.054 [http-nio-8080-exec-1] INFO  access.logger traceId=5c96c828083644899c58286c31ba249c - traceId=5c96c828083644899c58286c31ba249c userId=1 username=1 ip=0:0:0:0:0:0:0:1 method=GET uri=/api/auth/menus query= status=200 costMs=21
2026-05-18 18:18:56.671 [http-nio-8080-exec-2] INFO  access.logger traceId=90a4db767b4b431a86f8b189d4f414ca - traceId=90a4db767b4b431a86f8b189d4f414ca userId=1 username=1 ip=0:0:0:0:0:0:0:1 method=GET uri=/api/auth/menus query= status=200 costMs=18
2026-05-18 18:20:55.766 [http-nio-8080-exec-8] INFO  access.logger traceId=a1ee444f6c534d62ad63f16bfe3b39a1 - traceId=a1ee444f6c534d62ad63f16bfe3b39a1 userId=1 username=1 ip=0:0:0:0:0:0:0:1 method=GET uri=/api/auth/menus query= status=200 costMs=14
2026-05-18 18:22:35.211 [http-nio-8080-exec-4] INFO  access.logger traceId=10e1e98d28fb49588fd1ea7b56706bc9 - traceId=10e1e98d28fb49588fd1ea7b56706bc9 userId=1 username=1 ip=0:0:0:0:0:0:0:1 method=GET uri=/api/auth/menus query= status=200 costMs=14
2026-05-18 18:22:39.801 [http-nio-8080-exec-5] INFO  access.logger traceId=5dc06d095cd04c5aa3d9bed6c3432c10 - traceId=5dc06d095cd04c5aa3d9bed6c3432c10 userId=1 username=1 ip=0:0:0:0:0:0:0:1 method=GET uri=/api/auth/menus query= status=200 costMs=16
2026-05-18 18:22:41.857 [http-nio-8080-exec-7] INFO  access.logger traceId=415930b5303a4fdcaba40c469e68c003 - traceId=415930b5303a4fdcaba40c469e68c003 userId=1 username=1 ip=0:0:0:0:0:0:0:1 method=GET uri=/api/admin/buss_order_info query= status=200 costMs=9
2026-05-18 18:25:00.620 [http-nio-8080-exec-6] INFO  access.logger traceId=8ff80048ee584ed6adbf1ae67262e190 - traceId=8ff80048ee584ed6adbf1ae67262e190 userId=1 username=1 ip=0:0:0:0:0:0:0:1 method=GET uri=/api/auth/menus query= status=200 costMs=15
2026-05-18 18:25:11.180 [http-nio-8080-exec-3] INFO  access.logger traceId=03d04580c45644ff9e555f5979ab14cb - traceId=03d04580c45644ff9e555f5979ab14cb userId=1 username=1 ip=0:0:0:0:0:0:0:1 method=GET uri=/api/admin/buss_order_info query= status=200 costMs=5
2026-05-18 18:29:40.498 [http-nio-8080-exec-1] INFO  access.logger traceId=6f855f0a77634f47ae37a6023ed6c3bd - traceId=6f855f0a77634f47ae37a6023ed6c3bd userId=1 username=1 ip=0:0:0:0:0:0:0:1 method=GET uri=/api/auth/menus query= status=200 costMs=533
2026-05-18 18:29:40.600 [http-nio-8080-exec-5] INFO  access.logger traceId=f809574aedd64b9297cdc8b1598a054b - traceId=f809574aedd64b9297cdc8b1598a054b userId=1 username=1 ip=0:0:0:0:0:0:0:1 method=GET uri=/api/admin/buss_order_info query= status=200 costMs=27
2026-05-18 18:29:48.188 [http-nio-8080-exec-6] INFO  access.logger traceId=3ef9ef1eb14d435da75df22bee337094 - traceId=3ef9ef1eb14d435da75df22bee337094 userId= username= ip=0:0:0:0:0:0:0:1 method=POST uri=/api/auth/logout query= status=200 costMs=189
2026-05-18 18:29:54.511 [http-nio-8080-exec-4] INFO  access.logger traceId=c6bddab4d75045bbb8abde2867db3917 - traceId=c6bddab4d75045bbb8abde2867db3917 userId=1 username=1 ip=0:0:0:0:0:0:0:1 method=POST uri=/api/auth/login query= status=200 costMs=311
2026-05-18 18:29:54.533 [http-nio-8080-exec-2] INFO  access.logger traceId=99074a29885045d7a5262f880b9febe8 - traceId=99074a29885045d7a5262f880b9febe8 userId=1 username=1 ip=0:0:0:0:0:0:0:1 method=GET uri=/api/auth/menus query= status=200 costMs=16
2026-05-18 18:29:57.247 [http-nio-8080-exec-3] INFO  access.logger traceId=0a216f17c3ac4a45a608fabc16fc9463 - traceId=0a216f17c3ac4a45a608fabc16fc9463 userId=1 username=1 ip=0:0:0:0:0:0:0:1 method=GET uri=/api/admin/buss_order_info query= status=200 costMs=10
2026-05-18 18:30:21.490 [http-nio-8080-exec-7] INFO  access.logger traceId=ef1a02c15c9a44dda37c271cb9552f98 - traceId=ef1a02c15c9a44dda37c271cb9552f98 userId=1 username=1 ip=0:0:0:0:0:0:0:1 method=POST uri=/api/admin/buss_order_info query= status=200 costMs=18
2026-05-18 18:39:15.000 [http-nio-8080-exec-1] INFO  access.logger traceId=52f63b48d7d64ec9974debbc67b283eb - traceId=52f63b48d7d64ec9974debbc67b283eb userId=1 username=1 ip=0:0:0:0:0:0:0:1 method=POST uri=/api/admin/buss_order_info query= status=200 costMs=242
2026-05-18 18:42:44.670 [http-nio-8080-exec-1] INFO  access.logger traceId=2587a99798fa4588a09cda03e365b1d7 - traceId=2587a99798fa4588a09cda03e365b1d7 userId=1 username=1 ip=0:0:0:0:0:0:0:1 method=POST uri=/api/admin/buss_order_info query= status=200 costMs=301
2026-05-18 18:42:44.740 [http-nio-8080-exec-2] INFO  access.logger traceId=4fe31699821c4949912bf59f13dc44af - traceId=4fe31699821c4949912bf59f13dc44af userId=1 username=1 ip=0:0:0:0:0:0:0:1 method=GET uri=/api/admin/buss_order_info query= status=200 costMs=23
2026-05-18 18:43:40.876 [http-nio-8080-exec-8] INFO  access.logger traceId=e280537636ec4cf1b5ef299ebc782e29 - traceId=e280537636ec4cf1b5ef299ebc782e29 userId=1 username=1 ip=0:0:0:0:0:0:0:1 method=POST uri=/api/admin/buss_order_info query= status=200 costMs=57
2026-05-18 18:43:40.911 [http-nio-8080-exec-9] INFO  access.logger traceId=9cb77e9b4d3a41a1afb5a3f761fca88b - traceId=9cb77e9b4d3a41a1afb5a3f761fca88b userId=1 username=1 ip=0:0:0:0:0:0:0:1 method=GET uri=/api/admin/buss_order_info query= status=200 costMs=12
2026-05-18 18:53:31.957 [http-nio-8080-exec-5] INFO  access.logger traceId=883e365be82a4929bb027543e532a352 - traceId=883e365be82a4929bb027543e532a352 userId=1 username=1 ip=0:0:0:0:0:0:0:1 method=DELETE uri=/api/admin/buss_order_info/2056324838451773400 query= status=200 costMs=26
2026-05-18 18:53:32.007 [http-nio-8080-exec-6] INFO  access.logger traceId=eabc22b13c8d47ae9f160e30d3b368d2 - traceId=eabc22b13c8d47ae9f160e30d3b368d2 userId=1 username=1 ip=0:0:0:0:0:0:0:1 method=GET uri=/api/admin/buss_order_info query= status=200 costMs=12
2026-05-18 18:53:37.001 [http-nio-8080-exec-7] INFO  access.logger traceId=93ab9bbd0df543918cbd4d625ca00a05 - traceId=93ab9bbd0df543918cbd4d625ca00a05 userId=1 username=1 ip=0:0:0:0:0:0:0:1 method=GET uri=/api/auth/menus query= status=200 costMs=27
2026-05-18 18:53:37.085 [http-nio-8080-exec-3] INFO  access.logger traceId=9f2b38990ce641439f42b0bf6dd5fdc1 - traceId=9f2b38990ce641439f42b0bf6dd5fdc1 userId=1 username=1 ip=0:0:0:0:0:0:0:1 method=GET uri=/api/admin/buss_order_info query= status=200 costMs=23
2026-05-18 18:53:54.011 [http-nio-8080-exec-10] INFO  access.logger traceId=a7b8cd89386446b492c38a3ba04ea8be - traceId=a7b8cd89386446b492c38a3ba04ea8be userId=1 username=1 ip=0:0:0:0:0:0:0:1 method=GET uri=/api/auth/menus query= status=200 costMs=16
2026-05-18 18:53:54.065 [http-nio-8080-exec-4] INFO  access.logger traceId=006814b98d7545d1b904793e932e815e - traceId=006814b98d7545d1b904793e932e815e userId=1 username=1 ip=0:0:0:0:0:0:0:1 method=GET uri=/api/admin/buss_order_info query= status=200 costMs=12
2026-05-18 18:53:56.138 [http-nio-8080-exec-1] INFO  access.logger traceId=d98ff38129a4489cb4972d58a2608bd9 - traceId=d98ff38129a4489cb4972d58a2608bd9 userId=1 username=1 ip=0:0:0:0:0:0:0:1 method=DELETE uri=/api/admin/buss_order_info/2056324838451773400 query= status=200 costMs=14
2026-05-18 18:53:56.166 [http-nio-8080-exec-2] INFO  access.logger traceId=a04568a24d5145c7923f6cd158ad5b57 - traceId=a04568a24d5145c7923f6cd158ad5b57 userId=1 username=1 ip=0:0:0:0:0:0:0:1 method=GET uri=/api/admin/buss_order_info query= status=200 costMs=9
2026-05-18 18:54:04.523 [http-nio-8080-exec-8] INFO  access.logger traceId=639a972471224429b90830757708b720 - traceId=639a972471224429b90830757708b720 userId=1 username=1 ip=0:0:0:0:0:0:0:1 method=DELETE uri=/api/admin/buss_order_info/2056324838451773400 query= status=200 costMs=11
2026-05-18 18:54:04.566 [http-nio-8080-exec-9] INFO  access.logger traceId=4f6d3837104348e684d9cd8cd14fc4bf - traceId=4f6d3837104348e684d9cd8cd14fc4bf userId=1 username=1 ip=0:0:0:0:0:0:0:1 method=GET uri=/api/admin/buss_order_info query= status=200 costMs=11
2026-05-18 18:57:52.549 [http-nio-8080-exec-5] INFO  access.logger traceId=589f6229aec44e4ca3cc0caf432f1022 - traceId=589f6229aec44e4ca3cc0caf432f1022 userId=1 username=1 ip=0:0:0:0:0:0:0:1 method=DELETE uri=/api/admin/buss_order_info/2056324602517979100 query= status=200 costMs=17728
2026-05-18 18:57:52.580 [http-nio-8080-exec-6] INFO  access.logger traceId=7b760c6d1434463cb4a2feee77cb15a2 - traceId=7b760c6d1434463cb4a2feee77cb15a2 userId=1 username=1 ip=0:0:0:0:0:0:0:1 method=GET uri=/api/admin/buss_order_info query= status=200 costMs=8
2026-05-18 19:00:37.492 [http-nio-8080-exec-7] INFO  access.logger traceId=b17ee01e77e3497c824a3b6203830418 - traceId=b17ee01e77e3497c824a3b6203830418 userId=1 username=1 ip=0:0:0:0:0:0:0:1 method=GET uri=/api/auth/menus query= status=200 costMs=16
2026-05-18 19:00:37.561 [http-nio-8080-exec-3] INFO  access.logger traceId=4bc6a239a6a145548c42d8e4ab33dadc - traceId=4bc6a239a6a145548c42d8e4ab33dadc userId=1 username=1 ip=0:0:0:0:0:0:0:1 method=GET uri=/api/admin/buss_order_info query= status=200 costMs=9
2026-05-18 19:00:38.475 [http-nio-8080-exec-10] INFO  access.logger traceId=8b6c22fe2ead4382ad33ca5b9cbe8174 - traceId=8b6c22fe2ead4382ad33ca5b9cbe8174 userId=1 username=1 ip=0:0:0:0:0:0:0:1 method=GET uri=/api/auth/menus query= status=200 costMs=16
2026-05-18 19:00:38.522 [http-nio-8080-exec-4] INFO  access.logger traceId=f26962234908453c9e78a270ca3d260c - traceId=f26962234908453c9e78a270ca3d260c userId=1 username=1 ip=0:0:0:0:0:0:0:1 method=GET uri=/api/admin/buss_order_info query= status=200 costMs=7
2026-05-18 19:00:39.239 [http-nio-8080-exec-1] INFO  access.logger traceId=eb6fd4b437ae4b498397abbea103b496 - traceId=eb6fd4b437ae4b498397abbea103b496 userId=1 username=1 ip=0:0:0:0:0:0:0:1 method=GET uri=/api/auth/menus query= status=200 costMs=16
2026-05-18 19:00:39.275 [http-nio-8080-exec-2] INFO  access.logger traceId=516b40c0e80f497da443231058029ca4 - traceId=516b40c0e80f497da443231058029ca4 userId=1 username=1 ip=0:0:0:0:0:0:0:1 method=GET uri=/api/admin/buss_order_info query= status=200 costMs=7
2026-05-18 19:02:34.893 [http-nio-8080-exec-8] INFO  access.logger traceId=baea265096cd407db457c46ab1ecccda - traceId=baea265096cd407db457c46ab1ecccda userId=1 username=1 ip=0:0:0:0:0:0:0:1 method=GET uri=/api/admin/buss_order_info query= status=200 costMs=8
2026-05-18 19:02:39.680 [http-nio-8080-exec-9] INFO  access.logger traceId=b5c5ecda0746424eb575069e3baa528d - traceId=b5c5ecda0746424eb575069e3baa528d userId=1 username=1 ip=0:0:0:0:0:0:0:1 method=GET uri=/api/admin/buss_order_info query= status=200 costMs=8
2026-05-18 19:26:34.411 [http-nio-8080-exec-5] INFO  access.logger traceId=b8775cb627a142b78c28c3d9f40779e9 - traceId=b8775cb627a142b78c28c3d9f40779e9 userId=1 username=1 ip=0:0:0:0:0:0:0:1 method=GET uri=/api/auth/menus query= status=200 costMs=22
2026-05-18 19:26:34.478 [http-nio-8080-exec-6] INFO  access.logger traceId=a222a554a7c9435186a21b32c3c8e98a - traceId=a222a554a7c9435186a21b32c3c8e98a userId=1 username=1 ip=0:0:0:0:0:0:0:1 method=GET uri=/api/admin/buss_order_info query= status=200 costMs=10
2026-05-18 19:26:35.234 [http-nio-8080-exec-7] INFO  access.logger traceId=dabc616034d14ad4bfe12556e86d3fee - traceId=dabc616034d14ad4bfe12556e86d3fee userId=1 username=1 ip=0:0:0:0:0:0:0:1 method=GET uri=/api/auth/menus query= status=200 costMs=15
2026-05-18 19:26:35.284 [http-nio-8080-exec-3] INFO  access.logger traceId=47ac5432cd684cba9eced165bfc04187 - traceId=47ac5432cd684cba9eced165bfc04187 userId=1 username=1 ip=0:0:0:0:0:0:0:1 method=GET uri=/api/admin/buss_order_info query= status=200 costMs=8
2026-05-18 19:26:51.258 [http-nio-8080-exec-4] INFO  access.logger traceId=a135244dd23542a49c81483f02f158d5 - traceId=a135244dd23542a49c81483f02f158d5 userId=1 username=1 ip=0:0:0:0:0:0:0:1 method=GET uri=/api/auth/menus query= status=200 costMs=412
2026-05-18 19:26:51.346 [http-nio-8080-exec-1] INFO  access.logger traceId=be5264cdf59b459baa4510abf45cb2a5 - traceId=be5264cdf59b459baa4510abf45cb2a5 userId=1 username=1 ip=0:0:0:0:0:0:0:1 method=GET uri=/api/admin/buss_order_info query= status=200 costMs=31
2026-05-18 19:26:59.067 [http-nio-8080-exec-3] INFO  access.logger traceId=bb5f5e9e13ae41c7a4cc5cd34891f913 - traceId=bb5f5e9e13ae41c7a4cc5cd34891f913 userId=1 username=1 ip=0:0:0:0:0:0:0:1 method=DELETE uri=/api/admin/buss_order_info/2056324602517979137 query= status=200 costMs=4568
2026-05-18 19:26:59.118 [http-nio-8080-exec-2] INFO  access.logger traceId=bdff8bdbaef441078aa3b30c32f9644a - traceId=bdff8bdbaef441078aa3b30c32f9644a userId=1 username=1 ip=0:0:0:0:0:0:0:1 method=GET uri=/api/admin/buss_order_info query= status=200 costMs=13
2026-05-18 19:54:33.924 [http-nio-8080-exec-10] INFO  access.logger traceId=c9b9c59a0cea4eb4b5a2ade1e89ff4fa - traceId=c9b9c59a0cea4eb4b5a2ade1e89ff4fa userId=1 username=1 ip=0:0:0:0:0:0:0:1 method=PUT uri=/api/admin/buss_order_info/2056324838451773442 query= status=200 costMs=109
2026-05-18 19:54:33.973 [http-nio-8080-exec-5] INFO  access.logger traceId=51b001ea5d6742ea9f4597fc32b069cc - traceId=51b001ea5d6742ea9f4597fc32b069cc userId=1 username=1 ip=0:0:0:0:0:0:0:1 method=GET uri=/api/admin/buss_order_info query= status=200 costMs=14
2026-05-18 19:56:56.681 [http-nio-8080-exec-7] INFO  access.logger traceId=015f126b361f4aa0af1effcc3181cee4 - traceId=015f126b361f4aa0af1effcc3181cee4 userId=1 username=1 ip=0:0:0:0:0:0:0:1 method=GET uri=/api/auth/menus query= status=200 costMs=19
2026-05-18 19:57:09.570 [http-nio-8080-exec-9] INFO  access.logger traceId=9b1ef3c5c0254bdb991a4c44dec30d65 - traceId=9b1ef3c5c0254bdb991a4c44dec30d65 userId=1 username=1 ip=0:0:0:0:0:0:0:1 method=GET uri=/api/auth/menus query= status=200 costMs=18
2026-05-18 19:57:10.554 [http-nio-8080-exec-8] INFO  access.logger traceId=02c799a9e74644d284050f9548522578 - traceId=02c799a9e74644d284050f9548522578 userId=1 username=1 ip=0:0:0:0:0:0:0:1 method=GET uri=/api/auth/menus query= status=200 costMs=16
2026-05-18 19:57:39.686 [http-nio-8080-exec-6] INFO  access.logger traceId=af4ecb4f610a4aa9bf168bf75f539043 - traceId=af4ecb4f610a4aa9bf168bf75f539043 userId=1 username=1 ip=0:0:0:0:0:0:0:1 method=GET uri=/api/auth/menus query= status=200 costMs=20
2026-05-18 19:57:41.537 [http-nio-8080-exec-4] INFO  access.logger traceId=17af42a389d546a7bfcc144c6e654039 - traceId=17af42a389d546a7bfcc144c6e654039 userId=1 username=1 ip=0:0:0:0:0:0:0:1 method=GET uri=/api/admin/buss_order_info query= status=200 costMs=7
2026-05-18 19:59:52.147 [http-nio-8080-exec-1] INFO  access.logger traceId=89115424d6cf4c409afc0c972a55f1f7 - traceId=89115424d6cf4c409afc0c972a55f1f7 userId=1 username=1 ip=0:0:0:0:0:0:0:1 method=GET uri=/api/auth/menus query= status=200 costMs=21
2026-05-18 20:00:10.739 [http-nio-8080-exec-3] INFO  access.logger traceId=94ff39d93efc43bb8b04b32bfde1be4e - traceId=94ff39d93efc43bb8b04b32bfde1be4e userId=1 username=1 ip=0:0:0:0:0:0:0:1 method=GET uri=/api/auth/menus query= status=200 costMs=16
2026-05-18 20:00:14.692 [http-nio-8080-exec-2] INFO  access.logger traceId=6fa936941021457bbfcd93253eba1231 - traceId=6fa936941021457bbfcd93253eba1231 userId=1 username=1 ip=0:0:0:0:0:0:0:1 method=GET uri=/api/admin/buss_order_info query= status=200 costMs=9
2026-05-18 20:10:19.817 [http-nio-8080-exec-10] INFO  access.logger traceId=45b7e95f436a4ad6bfc31fc113a7dfef - traceId=45b7e95f436a4ad6bfc31fc113a7dfef userId=1 username=1 ip=0:0:0:0:0:0:0:1 method=GET uri=/api/auth/menus query= status=200 costMs=20
2026-05-18 20:10:19.940 [http-nio-8080-exec-5] INFO  access.logger traceId=ee47c5f20a644655b938e0abb175d561 - traceId=ee47c5f20a644655b938e0abb175d561 userId=1 username=1 ip=0:0:0:0:0:0:0:1 method=GET uri=/api/admin/buss_order_info query= status=200 costMs=29
2026-05-18 20:10:25.432 [http-nio-8080-exec-7] INFO  access.logger traceId=33039fd379de4e75956cf2bf6e08b639 - traceId=33039fd379de4e75956cf2bf6e08b639 userId=1 username=1 ip=0:0:0:0:0:0:0:1 method=GET uri=/api/auth/menus query= status=200 costMs=13
2026-05-18 20:10:25.474 [http-nio-8080-exec-9] INFO  access.logger traceId=a1d27d52bd314e86ba2391acfbbb0b58 - traceId=a1d27d52bd314e86ba2391acfbbb0b58 userId=1 username=1 ip=0:0:0:0:0:0:0:1 method=GET uri=/api/admin/buss_order_info query= status=200 costMs=8
2026-05-18 20:15:17.740 [http-nio-8080-exec-8] INFO  access.logger traceId=94dda1bf82a148328629296b2d63485b - traceId=94dda1bf82a148328629296b2d63485b userId=1 username=1 ip=0:0:0:0:0:0:0:1 method=GET uri=/api/auth/menus query= status=200 costMs=15
2026-05-18 20:15:17.826 [http-nio-8080-exec-6] INFO  access.logger traceId=29f67ce9cf8f4bc8b3a89321a55b73a9 - traceId=29f67ce9cf8f4bc8b3a89321a55b73a9 userId=1 username=1 ip=0:0:0:0:0:0:0:1 method=GET uri=/api/admin/buss_order_info query= status=200 costMs=9
2026-05-18 20:21:23.744 [http-nio-8080-exec-4] INFO  access.logger traceId=955bb2910faf43d8b4f3fcc530ce502d - traceId=955bb2910faf43d8b4f3fcc530ce502d userId=1 username=1 ip=0:0:0:0:0:0:0:1 method=GET uri=/api/auth/menus query= status=200 costMs=17
2026-05-18 20:21:23.823 [http-nio-8080-exec-1] INFO  access.logger traceId=e1c72ad0622044f9bbef465c0b49f33e - traceId=e1c72ad0622044f9bbef465c0b49f33e userId=1 username=1 ip=0:0:0:0:0:0:0:1 method=GET uri=/api/admin/buss_order_info query= status=200 costMs=7
2026-05-18 20:34:07.760 [http-nio-8080-exec-3] INFO  access.logger traceId=9b705d757a8c4091a0a837dfd7a527e1 - traceId=9b705d757a8c4091a0a837dfd7a527e1 userId=1 username=1 ip=0:0:0:0:0:0:0:1 method=GET uri=/api/auth/menus query= status=200 costMs=16
2026-05-18 20:34:07.844 [http-nio-8080-exec-2] INFO  access.logger traceId=987ccfb256f643eab54e4385582238d2 - traceId=987ccfb256f643eab54e4385582238d2 userId=1 username=1 ip=0:0:0:0:0:0:0:1 method=GET uri=/api/admin/buss_order_info query= status=200 costMs=7
2026-05-18 20:34:16.693 [http-nio-8080-exec-10] INFO  access.logger traceId=dea5635329424e109c70b30718432540 - traceId=dea5635329424e109c70b30718432540 userId=1 username=1 ip=0:0:0:0:0:0:0:1 method=GET uri=/api/auth/menus query= status=200 costMs=13
2026-05-18 20:34:16.710 [http-nio-8080-exec-5] INFO  access.logger traceId=6fbdbbb7acd540408380d1cef128c769 - traceId=6fbdbbb7acd540408380d1cef128c769 userId=1 username=1 ip=0:0:0:0:0:0:0:1 method=GET uri=/api/auth/permissions query= status=200 costMs=10
2026-05-18 20:34:16.774 [http-nio-8080-exec-7] INFO  access.logger traceId=16550adfaa324d649c34c92893c57fa5 - traceId=16550adfaa324d649c34c92893c57fa5 userId=1 username=1 ip=0:0:0:0:0:0:0:1 method=GET uri=/api/admin/buss_order_info query= status=200 costMs=7
2026-05-18 20:34:22.095 [http-nio-8080-exec-9] INFO  access.logger traceId=d523ad992c724188af00cc8116c65d74 - traceId=d523ad992c724188af00cc8116c65d74 userId=1 username=1 ip=0:0:0:0:0:0:0:1 method=GET uri=/api/admin/buss_order_info query= status=200 costMs=10
2026-05-18 20:34:59.028 [http-nio-8080-exec-8] INFO  access.logger traceId=6274e9aab8b04fc5a1b20757955669a3 - traceId=6274e9aab8b04fc5a1b20757955669a3 userId=1 username=1 ip=0:0:0:0:0:0:0:1 method=GET uri=/api/admin/buss_order_info query= status=200 costMs=8
2026-05-18 20:35:18.733 [http-nio-8080-exec-6] INFO  access.logger traceId=661f568e61cd4185acf99860f928b071 - traceId=661f568e61cd4185acf99860f928b071 userId=1 username=1 ip=0:0:0:0:0:0:0:1 method=GET uri=/api/auth/menus query= status=200 costMs=19
2026-05-18 20:35:18.751 [http-nio-8080-exec-4] INFO  access.logger traceId=c63c09b16c914229a4f9781a565b19f1 - traceId=c63c09b16c914229a4f9781a565b19f1 userId=1 username=1 ip=0:0:0:0:0:0:0:1 method=GET uri=/api/auth/permissions query= status=200 costMs=9
2026-05-18 20:35:23.711 [http-nio-8080-exec-1] INFO  access.logger traceId=a1d7475a107b4eaabbf67c181327435b - traceId=a1d7475a107b4eaabbf67c181327435b userId=1 username=1 ip=0:0:0:0:0:0:0:1 method=GET uri=/api/auth/menus query= status=200 costMs=14
2026-05-18 20:35:23.724 [http-nio-8080-exec-3] INFO  access.logger traceId=c2a2e8c5ca4943ff8d69969f0d18092a - traceId=c2a2e8c5ca4943ff8d69969f0d18092a userId=1 username=1 ip=0:0:0:0:0:0:0:1 method=GET uri=/api/auth/permissions query= status=200 costMs=3
2026-05-18 20:36:31.753 [http-nio-8080-exec-2] INFO  access.logger traceId=973822111d3d477b8898b78798e2e0bc - traceId=973822111d3d477b8898b78798e2e0bc userId=1 username=1 ip=0:0:0:0:0:0:0:1 method=GET uri=/api/auth/menus query= status=200 costMs=12
2026-05-18 20:36:31.764 [http-nio-8080-exec-10] INFO  access.logger traceId=f06301358c0542b980480651b46c8f13 - traceId=f06301358c0542b980480651b46c8f13 userId=1 username=1 ip=0:0:0:0:0:0:0:1 method=GET uri=/api/auth/permissions query= status=200 costMs=4
2026-05-18 20:39:22.012 [http-nio-8080-exec-5] INFO  access.logger traceId=068df470d5bc43eabdeed25b98898212 - traceId=068df470d5bc43eabdeed25b98898212 userId=1 username=1 ip=0:0:0:0:0:0:0:1 method=GET uri=/api/auth/permissions query= status=200 costMs=8
2026-05-18 20:39:28.146 [http-nio-8080-exec-7] INFO  access.logger traceId=8815f6c8c949495987bf98858d372b8c - traceId=8815f6c8c949495987bf98858d372b8c userId=1 username=1 ip=0:0:0:0:0:0:0:1 method=GET uri=/api/auth/permissions query= status=200 costMs=12
2026-05-18 20:39:28.243 [http-nio-8080-exec-9] INFO  access.logger traceId=3be2e052d73a40099ce0304bfbf66cd8 - traceId=3be2e052d73a40099ce0304bfbf66cd8 userId=1 username=1 ip=0:0:0:0:0:0:0:1 method=GET uri=/api/admin/menus/tree query= status=200 costMs=16
2026-05-18 20:39:52.415 [http-nio-8080-exec-8] INFO  access.logger traceId=403277f7138343d5b930eba37fc1c95a - traceId=403277f7138343d5b930eba37fc1c95a userId=1 username=1 ip=0:0:0:0:0:0:0:1 method=GET uri=/api/auth/permissions query= status=200 costMs=13
2026-05-18 20:39:52.497 [http-nio-8080-exec-6] INFO  access.logger traceId=9d3dd5cb8b494f2baa7005490ab928a3 - traceId=9d3dd5cb8b494f2baa7005490ab928a3 userId=1 username=1 ip=0:0:0:0:0:0:0:1 method=GET uri=/api/admin/orgs/tree query= status=200 costMs=16
2026-05-18 20:39:57.269 [http-nio-8080-exec-4] INFO  access.logger traceId=9a3ce574b5714a30b16024cea892841f - traceId=9a3ce574b5714a30b16024cea892841f userId=1 username=1 ip=0:0:0:0:0:0:0:1 method=GET uri=/api/auth/permissions query= status=200 costMs=8
2026-05-18 20:39:57.340 [http-nio-8080-exec-1] INFO  access.logger traceId=b4cc573f50d04469b1a5b69b09d6723c - traceId=b4cc573f50d04469b1a5b69b09d6723c userId=1 username=1 ip=0:0:0:0:0:0:0:1 method=GET uri=/api/admin/roles query= status=200 costMs=11
2026-05-18 20:39:58.916 [http-nio-8080-exec-3] INFO  access.logger traceId=9f21cc994cec4bee97b0c6d19488479a - traceId=9f21cc994cec4bee97b0c6d19488479a userId=1 username=1 ip=0:0:0:0:0:0:0:1 method=GET uri=/api/auth/permissions query= status=200 costMs=12
2026-05-18 20:40:00.662 [http-nio-8080-exec-2] INFO  access.logger traceId=37c7b6dd2d6d47c9b558f776b77089e2 - traceId=37c7b6dd2d6d47c9b558f776b77089e2 userId=1 username=1 ip=0:0:0:0:0:0:0:1 method=GET uri=/api/auth/permissions query= status=200 costMs=7
2026-05-18 20:40:00.752 [http-nio-8080-exec-5] INFO  access.logger traceId=505addc6cc1046a6b8c1aa0a816da462 - traceId=505addc6cc1046a6b8c1aa0a816da462 userId=1 username=1 ip=0:0:0:0:0:0:0:1 method=GET uri=/api/admin/orgs/tree query= status=200 costMs=7
2026-05-18 20:40:00.752 [http-nio-8080-exec-10] INFO  access.logger traceId=a3f0f84fd99d47c4a0d076cf3e2a34ae - traceId=a3f0f84fd99d47c4a0d076cf3e2a34ae userId=1 username=1 ip=0:0:0:0:0:0:0:1 method=GET uri=/api/admin/roles query= status=200 costMs=8
2026-05-18 20:40:00.779 [http-nio-8080-exec-7] INFO  access.logger traceId=5cffda1b60504bfeb5be688dd87cc715 - traceId=5cffda1b60504bfeb5be688dd87cc715 userId=1 username=1 ip=0:0:0:0:0:0:0:1 method=GET uri=/api/admin/users query= status=200 costMs=11
2026-05-18 20:40:02.650 [http-nio-8080-exec-9] INFO  access.logger traceId=3547124542cc4fbc9edd8e9d32a9dc6a - traceId=3547124542cc4fbc9edd8e9d32a9dc6a userId= username= ip=0:0:0:0:0:0:0:1 method=POST uri=/api/auth/logout query= status=200 costMs=170
2026-05-18 20:40:08.567 [http-nio-8080-exec-8] INFO  access.logger traceId=f57f5b67eee342a3b633c0ad04da6063 - traceId=f57f5b67eee342a3b633c0ad04da6063 userId=1 username=1 ip=0:0:0:0:0:0:0:1 method=POST uri=/api/auth/login query= status=200 costMs=203
2026-05-18 20:40:08.603 [http-nio-8080-exec-6] INFO  access.logger traceId=1fe30e9d519748afb9d53f1c1f6e9988 - traceId=1fe30e9d519748afb9d53f1c1f6e9988 userId=1 username=1 ip=0:0:0:0:0:0:0:1 method=GET uri=/api/auth/menus query= status=200 costMs=14
2026-05-18 20:40:08.618 [http-nio-8080-exec-4] INFO  access.logger traceId=46eea7e3ebeb4d79b7862718ee3e848e - traceId=46eea7e3ebeb4d79b7862718ee3e848e userId=1 username=1 ip=0:0:0:0:0:0:0:1 method=GET uri=/api/auth/permissions query= status=200 costMs=6
2026-05-18 20:40:13.625 [http-nio-8080-exec-1] INFO  access.logger traceId=58dae5a85cad4af48d82c72ea9c6894c - traceId=58dae5a85cad4af48d82c72ea9c6894c userId=1 username=1 ip=0:0:0:0:0:0:0:1 method=POST uri=/api/auth/login query= status=200 costMs=109
2026-05-18 20:40:13.641 [http-nio-8080-exec-3] INFO  access.logger traceId=0cc38d6acbc340bcae3ac33f74e99c8f - traceId=0cc38d6acbc340bcae3ac33f74e99c8f userId=1 username=1 ip=0:0:0:0:0:0:0:1 method=GET uri=/api/auth/menus query= status=200 costMs=14
2026-05-18 20:40:13.663 [http-nio-8080-exec-2] INFO  access.logger traceId=1ce94adb8ff4434797f6cd8a20fdfeb8 - traceId=1ce94adb8ff4434797f6cd8a20fdfeb8 userId=1 username=1 ip=0:0:0:0:0:0:0:1 method=GET uri=/api/auth/permissions query= status=200 costMs=6
2026-05-18 20:40:27.880 [http-nio-8080-exec-10] INFO  access.logger traceId=84b89be56a9b4c6d97c291784dd1e81f - traceId=84b89be56a9b4c6d97c291784dd1e81f userId=1 username=1 ip=0:0:0:0:0:0:0:1 method=POST uri=/api/auth/login query= status=200 costMs=120
2026-05-18 20:40:27.916 [http-nio-8080-exec-5] INFO  access.logger traceId=129fe71df4da44779fb41d30419523c7 - traceId=129fe71df4da44779fb41d30419523c7 userId=1 username=1 ip=0:0:0:0:0:0:0:1 method=GET uri=/api/auth/menus query= status=200 costMs=20
2026-05-18 20:40:27.933 [http-nio-8080-exec-7] INFO  access.logger traceId=4fe198b6fe2543ddb1c209a2511f83c8 - traceId=4fe198b6fe2543ddb1c209a2511f83c8 userId=1 username=1 ip=0:0:0:0:0:0:0:1 method=GET uri=/api/auth/permissions query= status=200 costMs=9
2026-05-18 20:40:46.629 [http-nio-8080-exec-9] INFO  access.logger traceId=781df178c8c54ef0acf5a4cd852aa175 - traceId=781df178c8c54ef0acf5a4cd852aa175 userId=1 username=1 ip=0:0:0:0:0:0:0:1 method=GET uri=/api/auth/menus query= status=200 costMs=13
2026-05-18 20:40:46.641 [http-nio-8080-exec-8] INFO  access.logger traceId=7e3061e121a94d33aae0bd3afefd42bb - traceId=7e3061e121a94d33aae0bd3afefd42bb userId=1 username=1 ip=0:0:0:0:0:0:0:1 method=GET uri=/api/auth/permissions query= status=200 costMs=4
2026-05-18 20:40:51.908 [http-nio-8080-exec-6] INFO  access.logger traceId=f78426c6ebf848dda9f9b183e9b33ced - traceId=f78426c6ebf848dda9f9b183e9b33ced userId= username= ip=0:0:0:0:0:0:0:1 method=POST uri=/api/auth/logout query= status=200 costMs=11
2026-05-18 20:40:59.001 [http-nio-8080-exec-4] INFO  access.logger traceId=518b900c57634c27802158262e909586 - traceId=518b900c57634c27802158262e909586 userId=1 username=1 ip=0:0:0:0:0:0:0:1 method=POST uri=/api/auth/login query= status=200 costMs=105
2026-05-18 20:40:59.034 [http-nio-8080-exec-1] INFO  access.logger traceId=970c5f6f4201438d88ae79279681eb9f - traceId=970c5f6f4201438d88ae79279681eb9f userId=1 username=1 ip=0:0:0:0:0:0:0:1 method=GET uri=/api/auth/menus query= status=200 costMs=13
2026-05-18 20:40:59.048 [http-nio-8080-exec-3] INFO  access.logger traceId=62689febaba1420e8d411968b9a01180 - traceId=62689febaba1420e8d411968b9a01180 userId=1 username=1 ip=0:0:0:0:0:0:0:1 method=GET uri=/api/auth/permissions query= status=200 costMs=5
2026-05-18 20:41:02.162 [http-nio-8080-exec-2] INFO  access.logger traceId=d52307b75a4b415e82f7e28333f3f61c - traceId=d52307b75a4b415e82f7e28333f3f61c userId=1 username=1 ip=0:0:0:0:0:0:0:1 method=GET uri=/api/auth/permissions query= status=200 costMs=5
2026-05-18 20:41:05.650 [http-nio-8080-exec-10] INFO  access.logger traceId=2bf22a6a202c43928c2e9f621145f180 - traceId=2bf22a6a202c43928c2e9f621145f180 userId=1 username=1 ip=0:0:0:0:0:0:0:1 method=GET uri=/api/auth/permissions query= status=200 costMs=12
2026-05-18 20:41:05.753 [http-nio-8080-exec-5] INFO  access.logger traceId=ca73a1146765412daf32f99adb049bc2 - traceId=ca73a1146765412daf32f99adb049bc2 userId=1 username=1 ip=0:0:0:0:0:0:0:1 method=GET uri=/api/admin/buss_order_info query= status=200 costMs=7
2026-05-18 20:41:09.217 [http-nio-8080-exec-7] INFO  access.logger traceId=f131ee39953c45489998bcbf409de315 - traceId=f131ee39953c45489998bcbf409de315 userId=1 username=1 ip=0:0:0:0:0:0:0:1 method=GET uri=/api/auth/permissions query= status=200 costMs=5
2026-05-18 20:41:09.970 [http-nio-8080-exec-9] INFO  access.logger traceId=e57375e8e4174517a876d72120267451 - traceId=e57375e8e4174517a876d72120267451 userId=1 username=1 ip=0:0:0:0:0:0:0:1 method=GET uri=/api/auth/permissions query= status=200 costMs=5
2026-05-18 20:41:11.870 [http-nio-8080-exec-8] INFO  access.logger traceId=68aa1c515fb34321acb822934af6f2db - traceId=68aa1c515fb34321acb822934af6f2db userId=1 username=1 ip=0:0:0:0:0:0:0:1 method=GET uri=/api/auth/permissions query= status=200 costMs=11
2026-05-18 20:41:14.245 [http-nio-8080-exec-6] INFO  access.logger traceId=ad8f912ed2fc430eb6b87a9f8b058f6c - traceId=ad8f912ed2fc430eb6b87a9f8b058f6c userId=1 username=1 ip=0:0:0:0:0:0:0:1 method=GET uri=/api/auth/permissions query= status=200 costMs=8
2026-05-18 20:41:18.567 [http-nio-8080-exec-4] INFO  access.logger traceId=7000f16e2979469da6168547ad8f5044 - traceId=7000f16e2979469da6168547ad8f5044 userId=1 username=1 ip=0:0:0:0:0:0:0:1 method=GET uri=/api/auth/permissions query= status=200 costMs=10
2026-05-18 20:41:18.696 [http-nio-8080-exec-1] INFO  access.logger traceId=2a714a51d8c64f9c99bcd5e078d1e68f - traceId=2a714a51d8c64f9c99bcd5e078d1e68f userId=1 username=1 ip=0:0:0:0:0:0:0:1 method=GET uri=/api/admin/online-users query=application=system&page=1&size=10 status=200 costMs=51
2026-05-18 20:41:26.304 [http-nio-8080-exec-3] INFO  access.logger traceId=1ec24eac7fd34a84ab171c621ab3c199 - traceId=1ec24eac7fd34a84ab171c621ab3c199 userId=1 username=1 ip=0:0:0:0:0:0:0:1 method=GET uri=/api/admin/online-users query=page=1&size=10 status=200 costMs=26
2026-05-18 20:41:28.842 [http-nio-8080-exec-2] INFO  access.logger traceId=a8bd2e0496fd40edaa65846bc2c20c0e - traceId=a8bd2e0496fd40edaa65846bc2c20c0e userId=1 username=1 ip=0:0:0:0:0:0:0:1 method=POST uri=/api/admin/online-users/kick query= status=200 costMs=18
2026-05-18 20:41:28.896 [http-nio-8080-exec-10] INFO  access.logger traceId=d6450e1569b9488ca801d443cb90760b - traceId=d6450e1569b9488ca801d443cb90760b userId=1 username=1 ip=0:0:0:0:0:0:0:1 method=GET uri=/api/admin/online-users query=page=1&size=10 status=200 costMs=24
2026-05-18 20:41:31.554 [http-nio-8080-exec-5] INFO  access.logger traceId=a6b908828dcf477b911b803976e292a5 - traceId=a6b908828dcf477b911b803976e292a5 userId=1 username=1 ip=0:0:0:0:0:0:0:1 method=POST uri=/api/admin/online-users/kick query= status=200 costMs=16
2026-05-18 20:41:31.603 [http-nio-8080-exec-7] INFO  access.logger traceId=f66ed42f6cb0426594b35fdf091cea3d - traceId=f66ed42f6cb0426594b35fdf091cea3d userId=1 username=1 ip=0:0:0:0:0:0:0:1 method=GET uri=/api/admin/online-users query=page=1&size=10 status=200 costMs=22
2026-05-18 20:41:33.677 [http-nio-8080-exec-9] INFO  access.logger traceId=30a669454d614da58f9017814e790635 - traceId=30a669454d614da58f9017814e790635 userId=1 username=1 ip=0:0:0:0:0:0:0:1 method=POST uri=/api/admin/online-users/kick query= status=200 costMs=11
2026-05-18 20:41:41.085 [http-nio-8080-exec-8] INFO  access.logger traceId=47e50086304545a896b22cb14957093d - traceId=47e50086304545a896b22cb14957093d userId=1 username=1 ip=0:0:0:0:0:0:0:1 method=GET uri=/api/auth/permissions query= status=200 costMs=14
2026-05-18 20:41:41.173 [http-nio-8080-exec-6] INFO  access.logger traceId=e0af07f20d7d4828a6b4deca897fd9a1 - traceId=e0af07f20d7d4828a6b4deca897fd9a1 userId=1 username=1 ip=0:0:0:0:0:0:0:1 method=GET uri=/api/admin/roles query= status=200 costMs=7
2026-05-18 20:41:41.176 [http-nio-8080-exec-4] INFO  access.logger traceId=d462e252645f4eecbcaeaf75014a0caf - traceId=d462e252645f4eecbcaeaf75014a0caf userId=1 username=1 ip=0:0:0:0:0:0:0:1 method=GET uri=/api/admin/orgs/tree query= status=200 costMs=8
2026-05-18 20:41:41.188 [http-nio-8080-exec-1] INFO  access.logger traceId=6d0ad790c41948cd8bab6f4b76ed4003 - traceId=6d0ad790c41948cd8bab6f4b76ed4003 userId=1 username=1 ip=0:0:0:0:0:0:0:1 method=GET uri=/api/admin/users query= status=200 costMs=7
2026-05-18 20:42:02.718 [http-nio-8080-exec-3] INFO  access.logger traceId=13c8d192488a49fe9b68ba4257e59a0e - traceId=13c8d192488a49fe9b68ba4257e59a0e userId=1 username=1 ip=0:0:0:0:0:0:0:1 method=PUT uri=/api/admin/users/1 query= status=200 costMs=142
2026-05-18 20:42:02.743 [http-nio-8080-exec-2] INFO  access.logger traceId=af4006e9961049f09545ff2a75c01f4a - traceId=af4006e9961049f09545ff2a75c01f4a userId=1 username=1 ip=0:0:0:0:0:0:0:1 method=GET uri=/api/admin/users query= status=200 costMs=8
2026-05-18 20:42:06.466 [http-nio-8080-exec-10] INFO  access.logger traceId=4f9f389ae76f405680e51540f7f9bf3a - traceId=4f9f389ae76f405680e51540f7f9bf3a userId= username= ip=0:0:0:0:0:0:0:1 method=POST uri=/api/auth/logout query= status=200 costMs=10
2026-05-18 20:42:12.344 [http-nio-8080-exec-5] INFO  access.logger traceId=665be7cf1a1b4c54b3de16b45efbf3d7 - traceId=665be7cf1a1b4c54b3de16b45efbf3d7 userId=1 username=1 ip=0:0:0:0:0:0:0:1 method=POST uri=/api/auth/login query= status=200 costMs=118
2026-05-18 20:42:12.377 [http-nio-8080-exec-7] INFO  access.logger traceId=9ca6193c376d4921aa236746eca05fe6 - traceId=9ca6193c376d4921aa236746eca05fe6 userId=1 username=1 ip=0:0:0:0:0:0:0:1 method=GET uri=/api/auth/menus query= status=200 costMs=12
2026-05-18 20:42:12.394 [http-nio-8080-exec-9] INFO  access.logger traceId=2b05e7b5a87849068f6f0685e81acb26 - traceId=2b05e7b5a87849068f6f0685e81acb26 userId=1 username=1 ip=0:0:0:0:0:0:0:1 method=GET uri=/api/auth/permissions query= status=200 costMs=6
2026-05-18 20:42:15.520 [http-nio-8080-exec-8] INFO  access.logger traceId=7e0f11ca874b4934b7c3db12880cd936 - traceId=7e0f11ca874b4934b7c3db12880cd936 userId=1 username=1 ip=0:0:0:0:0:0:0:1 method=GET uri=/api/auth/permissions query= status=200 costMs=4
2026-05-18 20:42:15.560 [http-nio-8080-exec-4] INFO  access.logger traceId=767357edaff845b09f72ffe284dead3a - traceId=767357edaff845b09f72ffe284dead3a userId=1 username=1 ip=0:0:0:0:0:0:0:1 method=GET uri=/api/admin/orgs/tree query= status=200 costMs=8
2026-05-18 20:42:15.562 [http-nio-8080-exec-6] INFO  access.logger traceId=b66c3bd94fd94883a1f1a41627217a94 - traceId=b66c3bd94fd94883a1f1a41627217a94 userId=1 username=1 ip=0:0:0:0:0:0:0:1 method=GET uri=/api/admin/roles query= status=200 costMs=8
2026-05-18 20:42:15.578 [http-nio-8080-exec-1] INFO  access.logger traceId=4e8ad63fee674e7db5820d1ed5091296 - traceId=4e8ad63fee674e7db5820d1ed5091296 userId=1 username=1 ip=0:0:0:0:0:0:0:1 method=GET uri=/api/admin/users query= status=200 costMs=7
2026-05-18 20:42:17.369 [http-nio-8080-exec-3] INFO  access.logger traceId=8aabe58a27ba4560a54e3c56b1cd57e9 - traceId=8aabe58a27ba4560a54e3c56b1cd57e9 userId=1 username=1 ip=0:0:0:0:0:0:0:1 method=GET uri=/api/auth/menus query= status=200 costMs=12
2026-05-18 20:42:17.386 [http-nio-8080-exec-2] INFO  access.logger traceId=f68243fbf09c4ea988ff957a3ef46c3d - traceId=f68243fbf09c4ea988ff957a3ef46c3d userId=1 username=1 ip=0:0:0:0:0:0:0:1 method=GET uri=/api/auth/permissions query= status=200 costMs=4
2026-05-18 20:42:17.442 [http-nio-8080-exec-5] INFO  access.logger traceId=81cd8c1194214aad861d1d81d64c13dc - traceId=81cd8c1194214aad861d1d81d64c13dc userId=1 username=1 ip=0:0:0:0:0:0:0:1 method=GET uri=/api/admin/orgs/tree query= status=200 costMs=10
2026-05-18 20:42:17.442 [http-nio-8080-exec-10] INFO  access.logger traceId=0754ed58ea9e4d0c9d5e424a1d13a395 - traceId=0754ed58ea9e4d0c9d5e424a1d13a395 userId=1 username=1 ip=0:0:0:0:0:0:0:1 method=GET uri=/api/admin/roles query= status=200 costMs=10
2026-05-18 20:42:17.459 [http-nio-8080-exec-7] INFO  access.logger traceId=d69365e3e8a94d36bc839a8712cf8e9a - traceId=d69365e3e8a94d36bc839a8712cf8e9a userId=1 username=1 ip=0:0:0:0:0:0:0:1 method=GET uri=/api/admin/users query= status=200 costMs=9
2026-05-18 20:42:20.972 [http-nio-8080-exec-9] INFO  access.logger traceId=8288ab18c6f14fc487962c5a5cd3df49 - traceId=8288ab18c6f14fc487962c5a5cd3df49 userId=1 username=1 ip=0:0:0:0:0:0:0:1 method=GET uri=/api/auth/permissions query= status=200 costMs=7
2026-05-18 20:42:21.038 [http-nio-8080-exec-8] INFO  access.logger traceId=216482c189a241bc94c728e1286bf604 - traceId=216482c189a241bc94c728e1286bf604 userId=1 username=1 ip=0:0:0:0:0:0:0:1 method=GET uri=/api/admin/online-users query=application=system&page=1&size=10 status=200 costMs=16
2026-05-18 20:42:25.083 [http-nio-8080-exec-4] INFO  access.logger traceId=e33588cddb6c449c8b16cfe18b9a341c - traceId=e33588cddb6c449c8b16cfe18b9a341c userId=1 username=1 ip=0:0:0:0:0:0:0:1 method=POST uri=/api/admin/online-users/kick query= status=200 costMs=6
2026-05-18 20:42:33.401 [http-nio-8080-exec-6] INFO  access.logger traceId=4e75e4b10822487db7fbb6b96122727b - traceId=4e75e4b10822487db7fbb6b96122727b userId=1 username=1 ip=0:0:0:0:0:0:0:1 method=GET uri=/api/auth/permissions query= status=200 costMs=11
2026-05-18 20:42:37.989 [http-nio-8080-exec-1] INFO  access.logger traceId=2707985e96344d38b46bb07587ca1717 - traceId=2707985e96344d38b46bb07587ca1717 userId=1 username=1 ip=0:0:0:0:0:0:0:1 method=GET uri=/api/auth/permissions query= status=200 costMs=7
2026-05-18 20:42:38.091 [http-nio-8080-exec-3] INFO  access.logger traceId=c9bbd51a69b548688f9da02b06e11aa8 - traceId=c9bbd51a69b548688f9da02b06e11aa8 userId=1 username=1 ip=0:0:0:0:0:0:0:1 method=GET uri=/api/admin/menus/tree query= status=200 costMs=9
2026-05-18 20:42:43.622 [http-nio-8080-exec-2] INFO  access.logger traceId=da60b9d5ebae496fa9ce2eb9e86fbe6e - traceId=da60b9d5ebae496fa9ce2eb9e86fbe6e userId=1 username=1 ip=0:0:0:0:0:0:0:1 method=GET uri=/api/auth/permissions query= status=200 costMs=8
2026-05-18 20:42:43.711 [http-nio-8080-exec-10] INFO  access.logger traceId=6ed30d4e8c674b31ac72d754b4dde0e1 - traceId=6ed30d4e8c674b31ac72d754b4dde0e1 userId=1 username=1 ip=0:0:0:0:0:0:0:1 method=GET uri=/api/admin/roles query= status=200 costMs=7
2026-05-18 20:42:44.447 [http-nio-8080-exec-5] INFO  access.logger traceId=82ab135782c54da7a1259f7869121514 - traceId=82ab135782c54da7a1259f7869121514 userId=1 username=1 ip=0:0:0:0:0:0:0:1 method=GET uri=/api/auth/permissions query= status=200 costMs=4
2026-05-18 20:42:44.521 [http-nio-8080-exec-7] INFO  access.logger traceId=9cc34fa98237436d9ff469ff87f6059b - traceId=9cc34fa98237436d9ff469ff87f6059b userId=1 username=1 ip=0:0:0:0:0:0:0:1 method=GET uri=/api/admin/orgs/tree query= status=200 costMs=8
2026-05-18 20:43:22.800 [http-nio-8080-exec-9] INFO  access.logger traceId=81ae6a685e6146ab8f7a65999775afb4 - traceId=81ae6a685e6146ab8f7a65999775afb4 userId=1 username=1 ip=0:0:0:0:0:0:0:1 method=GET uri=/api/auth/permissions query= status=200 costMs=10
2026-05-18 20:44:16.420 [http-nio-8080-exec-8] INFO  access.logger traceId=eca4b83711ce440db4bbb68aa889a3f6 - traceId=eca4b83711ce440db4bbb68aa889a3f6 userId=1 username=1 ip=0:0:0:0:0:0:0:1 method=GET uri=/api/auth/permissions query= status=200 costMs=4
2026-05-18 20:44:23.463 [http-nio-8080-exec-4] INFO  access.logger traceId=0714617d8b874aeb8b8db502b4a3c2b5 - traceId=0714617d8b874aeb8b8db502b4a3c2b5 userId=1 username=1 ip=0:0:0:0:0:0:0:1 method=GET uri=/api/auth/permissions query= status=200 costMs=9
2026-05-18 20:44:24.742 [http-nio-8080-exec-6] INFO  access.logger traceId=02911296cfc949a5a5965e756841de40 - traceId=02911296cfc949a5a5965e756841de40 userId=1 username=1 ip=0:0:0:0:0:0:0:1 method=GET uri=/api/auth/permissions query= status=200 costMs=8
2026-05-18 20:48:08.440 [http-nio-8080-exec-2] INFO  access.logger traceId=438be6cdecd64fb1bf8019840ea6c9c5 - traceId=438be6cdecd64fb1bf8019840ea6c9c5 userId= username= ip=0:0:0:0:0:0:0:1 method=POST uri=/api/auth/logout query= status=200 costMs=533
2026-05-18 20:48:21.097 [http-nio-8080-exec-1] INFO  access.logger traceId=16511620b3624ad48602c06a651decd5 - traceId=16511620b3624ad48602c06a651decd5 userId=1 username=1 ip=0:0:0:0:0:0:0:1 method=POST uri=/api/auth/login query= status=200 costMs=254
2026-05-18 20:48:21.148 [http-nio-8080-exec-3] INFO  access.logger traceId=7fb87342931247e5ab2207e31d16201d - traceId=7fb87342931247e5ab2207e31d16201d userId=1 username=1 ip=0:0:0:0:0:0:0:1 method=GET uri=/api/auth/menus query= status=200 costMs=28
2026-05-18 20:48:21.175 [http-nio-8080-exec-4] INFO  access.logger traceId=1151ef1cfbcf4d748d667618f76d2b14 - traceId=1151ef1cfbcf4d748d667618f76d2b14 userId=1 username=1 ip=0:0:0:0:0:0:0:1 method=GET uri=/api/auth/permissions query= status=200 costMs=13
2026-05-18 20:48:30.697 [http-nio-8080-exec-5] INFO  access.logger traceId=6dc6aa6a9c85451f80546cba062d600d - traceId=6dc6aa6a9c85451f80546cba062d600d userId=1 username=1 ip=0:0:0:0:0:0:0:1 method=GET uri=/api/admin/online-users query=application=system&page=1&size=10 status=200 costMs=51
2026-05-18 20:48:33.375 [http-nio-8080-exec-6] INFO  access.logger traceId=10e3f4d4918448d19ffe68846b7b1425 - traceId=10e3f4d4918448d19ffe68846b7b1425 userId=1 username=1 ip=0:0:0:0:0:0:0:1 method=GET uri=/api/admin/menus/tree query= status=200 costMs=20
2026-05-18 20:48:45.218 [http-nio-8080-exec-7] INFO  access.logger traceId=d166714901904e9ebdde1cf4e8d7ed3f - traceId=d166714901904e9ebdde1cf4e8d7ed3f userId=1 username=1 ip=0:0:0:0:0:0:0:1 method=GET uri=/api/admin/orgs/tree query= status=200 costMs=16
2026-05-18 20:49:06.610 [http-nio-8080-exec-8] INFO  access.logger traceId=53721bca620b411fa2f1445dc039cedb - traceId=53721bca620b411fa2f1445dc039cedb userId=1 username=1 ip=0:0:0:0:0:0:0:1 method=GET uri=/api/admin/roles query= status=200 costMs=11
2026-05-18 20:49:14.463 [http-nio-8080-exec-9] INFO  access.logger traceId=4d065f4e46ff404ea6493fad1bf83a15 - traceId=4d065f4e46ff404ea6493fad1bf83a15 userId=1 username=1 ip=0:0:0:0:0:0:0:1 method=GET uri=/api/admin/menus/tree query= status=200 costMs=15
2026-05-18 20:49:14.515 [http-nio-8080-exec-10] INFO  access.logger traceId=b91003c6b6674ef79c9ee4c5464a1863 - traceId=b91003c6b6674ef79c9ee4c5464a1863 userId=1 username=1 ip=0:0:0:0:0:0:0:1 method=GET uri=/api/admin/roles/1/menus query= status=200 costMs=14
2026-05-18 20:49:18.329 [http-nio-8080-exec-2] INFO  access.logger traceId=49283d6ca42146d0b7772adabefac468 - traceId=49283d6ca42146d0b7772adabefac468 userId=1 username=1 ip=0:0:0:0:0:0:0:1 method=PUT uri=/api/admin/roles/1/menus query= status=200 costMs=118
2026-05-18 20:49:19.446 [http-nio-8080-exec-1] INFO  access.logger traceId=d4a386ce5d734951a059b47f040f2367 - traceId=d4a386ce5d734951a059b47f040f2367 userId=1 username=1 ip=0:0:0:0:0:0:0:1 method=GET uri=/api/admin/menus/tree query= status=200 costMs=13
2026-05-18 20:49:19.482 [http-nio-8080-exec-3] INFO  access.logger traceId=5391b71dd54d4026abd4017e292b5bad - traceId=5391b71dd54d4026abd4017e292b5bad userId=1 username=1 ip=0:0:0:0:0:0:0:1 method=GET uri=/api/admin/roles/2/menus query= status=200 costMs=11
2026-05-18 20:49:35.935 [http-nio-8080-exec-4] INFO  access.logger traceId=baed3aa3ba9148d88f5230411552a8df - traceId=baed3aa3ba9148d88f5230411552a8df userId=1 username=1 ip=0:0:0:0:0:0:0:1 method=PUT uri=/api/admin/roles/2/menus query= status=200 costMs=69
2026-05-18 20:49:38.085 [http-nio-8080-exec-5] INFO  access.logger traceId=1bd715502ee74b6c851694314c1d4461 - traceId=1bd715502ee74b6c851694314c1d4461 userId= username= ip=0:0:0:0:0:0:0:1 method=POST uri=/api/auth/logout query= status=200 costMs=17
2026-05-18 20:49:44.764 [http-nio-8080-exec-6] INFO  access.logger traceId=42a06b1503b34171a30871f4313bfd62 - traceId=42a06b1503b34171a30871f4313bfd62 userId=2 username=2 ip=0:0:0:0:0:0:0:1 method=POST uri=/api/auth/login query= status=200 costMs=94
2026-05-18 20:49:44.797 [http-nio-8080-exec-7] INFO  access.logger traceId=a56a0429806340f194a211821c2e8e7e - traceId=a56a0429806340f194a211821c2e8e7e userId=2 username=2 ip=0:0:0:0:0:0:0:1 method=GET uri=/api/auth/menus query= status=200 costMs=19
2026-05-18 20:49:44.814 [http-nio-8080-exec-8] INFO  access.logger traceId=7bb729fdd2f14113985b65368b6eb871 - traceId=7bb729fdd2f14113985b65368b6eb871 userId=2 username=2 ip=0:0:0:0:0:0:0:1 method=GET uri=/api/auth/permissions query= status=200 costMs=18
2026-05-18 20:50:43.880 [http-nio-8080-exec-9] INFO  access.logger traceId=4ae133d4b0ba4c4a89369ea970ce6b42 - traceId=4ae133d4b0ba4c4a89369ea970ce6b42 userId= username= ip=0:0:0:0:0:0:0:1 method=POST uri=/api/auth/logout query= status=200 costMs=14
2026-05-18 20:50:48.023 [http-nio-8080-exec-10] INFO  access.logger traceId=7eb71748d4d74db4b6f8b07f9ad60bf5 - traceId=7eb71748d4d74db4b6f8b07f9ad60bf5 userId=1 username=1 ip=0:0:0:0:0:0:0:1 method=POST uri=/api/auth/login query= status=200 costMs=134
2026-05-18 20:50:48.059 [http-nio-8080-exec-2] INFO  access.logger traceId=b7185b49a6524dd4b5c2f60ebf9a7ce8 - traceId=b7185b49a6524dd4b5c2f60ebf9a7ce8 userId=1 username=1 ip=0:0:0:0:0:0:0:1 method=GET uri=/api/auth/menus query= status=200 costMs=19
2026-05-18 20:50:48.076 [http-nio-8080-exec-1] INFO  access.logger traceId=20a6d089429048488fd46283e69c5f36 - traceId=20a6d089429048488fd46283e69c5f36 userId=1 username=1 ip=0:0:0:0:0:0:0:1 method=GET uri=/api/auth/permissions query= status=200 costMs=6
2026-05-18 20:50:51.283 [http-nio-8080-exec-3] INFO  access.logger traceId=bd7f9cf56e1343e4a0ef4d849b183b0d - traceId=bd7f9cf56e1343e4a0ef4d849b183b0d userId=1 username=1 ip=0:0:0:0:0:0:0:1 method=GET uri=/api/admin/menus/tree query= status=200 costMs=9
2026-05-18 20:51:06.156 [http-nio-8080-exec-4] INFO  access.logger traceId=7e2b2fd871d8455a8d4261a0517e3254 - traceId=7e2b2fd871d8455a8d4261a0517e3254 userId=1 username=1 ip=0:0:0:0:0:0:0:1 method=GET uri=/api/admin/roles query= status=200 costMs=9
2026-05-18 20:51:06.156 [http-nio-8080-exec-5] INFO  access.logger traceId=2be33309f40349288a12d49c33d4f1bc - traceId=2be33309f40349288a12d49c33d4f1bc userId=1 username=1 ip=0:0:0:0:0:0:0:1 method=GET uri=/api/admin/orgs/tree query= status=200 costMs=10
2026-05-18 20:51:06.181 [http-nio-8080-exec-6] INFO  access.logger traceId=cc9fe22cec7f4839b0979ea07c99da21 - traceId=cc9fe22cec7f4839b0979ea07c99da21 userId=1 username=1 ip=0:0:0:0:0:0:0:1 method=GET uri=/api/admin/users query= status=200 costMs=9
