2026-05-18 16:52:51.133 [main] INFO  org.nmgyj.SdpServerApplication traceId= - Starting SdpServerApplication using Java 21.0.10 with PID 8792 (D:\CODE\Sdp\back-end\sdp-admin\sdp-server\target\classes started by 开发3 in D:\CODE\Sdp\back-end\sdp-admin)
2026-05-18 16:52:51.135 [main] INFO  org.nmgyj.SdpServerApplication traceId= - The following 1 profile is active: "dev"
2026-05-18 16:52:51.921 [main] INFO  o.s.d.r.c.RepositoryConfigurationDelegate traceId= - Multiple Spring Data modules found, entering strict repository configuration mode
2026-05-18 16:52:51.924 [main] INFO  o.s.d.r.c.RepositoryConfigurationDelegate traceId= - Bootstrapping Spring Data Redis repositories in DEFAULT mode.
2026-05-18 16:52:51.962 [main] INFO  o.s.d.r.c.RepositoryConfigurationDelegate traceId= - Finished Spring Data repository scanning in 25 ms. Found 0 Redis repository interfaces.
2026-05-18 16:52:52.455 [main] WARN  o.s.c.s.PostProcessorRegistrationDelegate$BeanPostProcessorChecker traceId= - Bean 'cn.dev33.satoken.aop.SaAopPointcutAdvisorBeanRegister' of type [cn.dev33.satoken.aop.SaAopPointcutAdvisorBeanRegister$$SpringCGLIB$$0] is not eligible for getting processed by all BeanPostProcessors (for example: not eligible for auto-proxying). Is this bean getting eagerly injected into a currently created BeanPostProcessor [projectingArgumentResolverBeanPostProcessor]? Check the corresponding BeanPostProcessor declaration and its dependencies.
2026-05-18 16:52:52.466 [main] WARN  o.s.c.s.PostProcessorRegistrationDelegate$BeanPostProcessorChecker traceId= - Bean 'saAroundAnnotationHandlePointcutAdvisor' of type [cn.dev33.satoken.aop.SaAroundAnnotationPointcutAdvisor] is not eligible for getting processed by all BeanPostProcessors (for example: not eligible for auto-proxying). Is this bean getting eagerly injected into a currently created BeanPostProcessor [projectingArgumentResolverBeanPostProcessor]? Check the corresponding BeanPostProcessor declaration and its dependencies.
2026-05-18 16:52:52.743 [main] INFO  o.s.b.w.e.tomcat.TomcatWebServer traceId= - Tomcat initialized with port 8080 (http)
2026-05-18 16:52:52.755 [main] INFO  o.a.coyote.http11.Http11NioProtocol traceId= - Initializing ProtocolHandler ["http-nio-8080"]
2026-05-18 16:52:52.759 [main] INFO  o.a.catalina.core.StandardService traceId= - Starting service [Tomcat]
2026-05-18 16:52:52.760 [main] INFO  o.a.catalina.core.StandardEngine traceId= - Starting Servlet engine: [Apache Tomcat/10.1.20]
2026-05-18 16:52:52.856 [main] INFO  o.a.c.c.C.[Tomcat].[localhost].[/] traceId= - Initializing Spring embedded WebApplicationContext
2026-05-18 16:52:52.856 [main] INFO  o.s.b.w.s.c.ServletWebServerApplicationContext traceId= - Root WebApplicationContext: initialization completed in 1680 ms
2026-05-18 16:52:53.511 [main] WARN  o.s.b.w.s.c.AnnotationConfigServletWebServerApplicationContext traceId= - Exception encountered during context initialization - cancelling refresh attempt: org.springframework.beans.factory.UnsatisfiedDependencyException: Error creating bean with name 'autoCodeController' defined in file [D:\CODE\Sdp\back-end\sdp-admin\sdp-modules\sdp-module-system\target\classes\org\nmgyj\system\controller\AutoCodeController.class]: Unsatisfied dependency expressed through constructor parameter 0: Error creating bean with name 'autoCodeAdminService' defined in file [D:\CODE\Sdp\back-end\sdp-admin\sdp-modules\sdp-module-system\target\classes\org\nmgyj\system\service\AutoCodeAdminService.class]: Unsatisfied dependency expressed through constructor parameter 1: Error creating bean with name 'codegenFacade' defined in file [D:\CODE\Sdp\back-end\sdp-admin\sdp-modules\sdp-module-codegen\target\classes\org\nmgyj\codegen\service\CodegenFacade.class]: Unsatisfied dependency expressed through constructor parameter 0: No qualifying bean of type 'org.nmgyj.codegen.service.TemplateRenderer' available: expected single matching bean but found 2: thymeleafTemplateRenderer,templateRenderer
2026-05-18 16:52:53.511 [main] INFO  c.alibaba.druid.pool.DruidDataSource traceId= - {dataSource-0} closing ...
2026-05-18 16:52:53.513 [main] INFO  o.a.catalina.core.StandardService traceId= - Stopping service [Tomcat]
2026-05-18 16:52:53.538 [main] INFO  o.s.b.a.l.ConditionEvaluationReportLogger traceId= - 

Error starting ApplicationContext. To display the condition evaluation report re-run your application with 'debug' enabled.
2026-05-18 16:56:17.390 [main] INFO  org.nmgyj.SdpServerApplication traceId= - Starting SdpServerApplication using Java 21.0.10 with PID 14356 (D:\CODE\Sdp\back-end\sdp-admin\sdp-server\target\classes started by 开发3 in D:\CODE\Sdp\back-end\sdp-admin)
2026-05-18 16:56:17.391 [main] INFO  org.nmgyj.SdpServerApplication traceId= - The following 1 profile is active: "dev"
2026-05-18 16:56:18.093 [main] INFO  o.s.d.r.c.RepositoryConfigurationDelegate traceId= - Multiple Spring Data modules found, entering strict repository configuration mode
2026-05-18 16:56:18.095 [main] INFO  o.s.d.r.c.RepositoryConfigurationDelegate traceId= - Bootstrapping Spring Data Redis repositories in DEFAULT mode.
2026-05-18 16:56:18.131 [main] INFO  o.s.d.r.c.RepositoryConfigurationDelegate traceId= - Finished Spring Data repository scanning in 27 ms. Found 0 Redis repository interfaces.
2026-05-18 16:56:18.556 [main] WARN  o.s.c.s.PostProcessorRegistrationDelegate$BeanPostProcessorChecker traceId= - Bean 'cn.dev33.satoken.aop.SaAopPointcutAdvisorBeanRegister' of type [cn.dev33.satoken.aop.SaAopPointcutAdvisorBeanRegister$$SpringCGLIB$$0] is not eligible for getting processed by all BeanPostProcessors (for example: not eligible for auto-proxying). Is this bean getting eagerly injected into a currently created BeanPostProcessor [projectingArgumentResolverBeanPostProcessor]? Check the corresponding BeanPostProcessor declaration and its dependencies.
2026-05-18 16:56:18.567 [main] WARN  o.s.c.s.PostProcessorRegistrationDelegate$BeanPostProcessorChecker traceId= - Bean 'saAroundAnnotationHandlePointcutAdvisor' of type [cn.dev33.satoken.aop.SaAroundAnnotationPointcutAdvisor] is not eligible for getting processed by all BeanPostProcessors (for example: not eligible for auto-proxying). Is this bean getting eagerly injected into a currently created BeanPostProcessor [projectingArgumentResolverBeanPostProcessor]? Check the corresponding BeanPostProcessor declaration and its dependencies.
2026-05-18 16:56:18.824 [main] INFO  o.s.b.w.e.tomcat.TomcatWebServer traceId= - Tomcat initialized with port 8080 (http)
2026-05-18 16:56:18.835 [main] INFO  o.a.coyote.http11.Http11NioProtocol traceId= - Initializing ProtocolHandler ["http-nio-8080"]
2026-05-18 16:56:18.836 [main] INFO  o.a.catalina.core.StandardService traceId= - Starting service [Tomcat]
2026-05-18 16:56:18.836 [main] INFO  o.a.catalina.core.StandardEngine traceId= - Starting Servlet engine: [Apache Tomcat/10.1.20]
2026-05-18 16:56:18.929 [main] INFO  o.a.c.c.C.[Tomcat].[localhost].[/] traceId= - Initializing Spring embedded WebApplicationContext
2026-05-18 16:56:18.929 [main] INFO  o.s.b.w.s.c.ServletWebServerApplicationContext traceId= - Root WebApplicationContext: initialization completed in 1511 ms
2026-05-18 16:56:20.539 [main] WARN  o.s.b.a.t.ThymeleafAutoConfiguration$DefaultTemplateResolverConfiguration traceId= - Cannot find template location: classpath:/templates/ (please add some templates, check your Thymeleaf configuration, or set spring.thymeleaf.check-template-location=false)
2026-05-18 16:56:20.580 [main] INFO  o.a.coyote.http11.Http11NioProtocol traceId= - Starting ProtocolHandler ["http-nio-8080"]
2026-05-18 16:56:20.597 [main] INFO  o.s.b.w.e.tomcat.TomcatWebServer traceId= - Tomcat started on port 8080 (http) with context path ''
2026-05-18 16:56:20.607 [main] INFO  org.nmgyj.SdpServerApplication traceId= - Started SdpServerApplication in 3.596 seconds (process running for 4.146)
2026-05-18 16:56:42.525 [http-nio-8080-exec-1] INFO  o.a.c.c.C.[Tomcat].[localhost].[/] traceId= - Initializing Spring DispatcherServlet 'dispatcherServlet'
2026-05-18 16:56:42.525 [http-nio-8080-exec-1] INFO  o.s.web.servlet.DispatcherServlet traceId= - Initializing Servlet 'dispatcherServlet'
2026-05-18 16:56:42.526 [http-nio-8080-exec-1] INFO  o.s.web.servlet.DispatcherServlet traceId= - Completed initialization in 1 ms
2026-05-18 16:56:43.125 [http-nio-8080-exec-1] INFO  c.alibaba.druid.pool.DruidDataSource traceId=7e1b7fc8da8745d5bb4608693dfc0f9f - {dataSource-1} inited
2026-05-18 16:58:34.882 [SpringApplicationShutdownHook] INFO  c.alibaba.druid.pool.DruidDataSource traceId= - {dataSource-1} closing ...
2026-05-18 16:58:34.884 [SpringApplicationShutdownHook] INFO  c.alibaba.druid.pool.DruidDataSource traceId= - {dataSource-1} closed
2026-05-18 17:20:47.519 [main] INFO  org.nmgyj.SdpServerApplication traceId= - Starting SdpServerApplication using Java 21.0.10 with PID 23768 (D:\CODE\Sdp\back-end\sdp-admin\sdp-server\target\classes started by 开发3 in D:\CODE\Sdp\back-end\sdp-admin)
2026-05-18 17:20:47.521 [main] INFO  org.nmgyj.SdpServerApplication traceId= - The following 1 profile is active: "dev"
2026-05-18 17:20:48.294 [main] INFO  o.s.d.r.c.RepositoryConfigurationDelegate traceId= - Multiple Spring Data modules found, entering strict repository configuration mode
2026-05-18 17:20:48.297 [main] INFO  o.s.d.r.c.RepositoryConfigurationDelegate traceId= - Bootstrapping Spring Data Redis repositories in DEFAULT mode.
2026-05-18 17:20:48.332 [main] INFO  o.s.d.r.c.RepositoryConfigurationDelegate traceId= - Finished Spring Data repository scanning in 23 ms. Found 0 Redis repository interfaces.
2026-05-18 17:20:48.789 [main] WARN  o.s.c.s.PostProcessorRegistrationDelegate$BeanPostProcessorChecker traceId= - Bean 'cn.dev33.satoken.aop.SaAopPointcutAdvisorBeanRegister' of type [cn.dev33.satoken.aop.SaAopPointcutAdvisorBeanRegister$$SpringCGLIB$$0] is not eligible for getting processed by all BeanPostProcessors (for example: not eligible for auto-proxying). Is this bean getting eagerly injected into a currently created BeanPostProcessor [projectingArgumentResolverBeanPostProcessor]? Check the corresponding BeanPostProcessor declaration and its dependencies.
2026-05-18 17:20:48.802 [main] WARN  o.s.c.s.PostProcessorRegistrationDelegate$BeanPostProcessorChecker traceId= - Bean 'saAroundAnnotationHandlePointcutAdvisor' of type [cn.dev33.satoken.aop.SaAroundAnnotationPointcutAdvisor] is not eligible for getting processed by all BeanPostProcessors (for example: not eligible for auto-proxying). Is this bean getting eagerly injected into a currently created BeanPostProcessor [projectingArgumentResolverBeanPostProcessor]? Check the corresponding BeanPostProcessor declaration and its dependencies.
2026-05-18 17:20:49.095 [main] INFO  o.s.b.w.e.tomcat.TomcatWebServer traceId= - Tomcat initialized with port 8080 (http)
2026-05-18 17:20:49.105 [main] INFO  o.a.coyote.http11.Http11NioProtocol traceId= - Initializing ProtocolHandler ["http-nio-8080"]
2026-05-18 17:20:49.107 [main] INFO  o.a.catalina.core.StandardService traceId= - Starting service [Tomcat]
2026-05-18 17:20:49.107 [main] INFO  o.a.catalina.core.StandardEngine traceId= - Starting Servlet engine: [Apache Tomcat/10.1.20]
2026-05-18 17:20:49.208 [main] INFO  o.a.c.c.C.[Tomcat].[localhost].[/] traceId= - Initializing Spring embedded WebApplicationContext
2026-05-18 17:20:49.208 [main] INFO  o.s.b.w.s.c.ServletWebServerApplicationContext traceId= - Root WebApplicationContext: initialization completed in 1654 ms
2026-05-18 17:20:50.912 [main] WARN  o.s.b.a.t.ThymeleafAutoConfiguration$DefaultTemplateResolverConfiguration traceId= - Cannot find template location: classpath:/templates/ (please add some templates, check your Thymeleaf configuration, or set spring.thymeleaf.check-template-location=false)
2026-05-18 17:20:50.963 [main] INFO  o.a.coyote.http11.Http11NioProtocol traceId= - Starting ProtocolHandler ["http-nio-8080"]
2026-05-18 17:20:50.986 [main] INFO  o.s.b.w.e.tomcat.TomcatWebServer traceId= - Tomcat started on port 8080 (http) with context path ''
2026-05-18 17:20:50.996 [main] INFO  org.nmgyj.SdpServerApplication traceId= - Started SdpServerApplication in 3.913 seconds (process running for 4.725)
2026-05-18 17:21:03.609 [http-nio-8080-exec-1] INFO  o.a.c.c.C.[Tomcat].[localhost].[/] traceId= - Initializing Spring DispatcherServlet 'dispatcherServlet'
2026-05-18 17:21:03.609 [http-nio-8080-exec-1] INFO  o.s.web.servlet.DispatcherServlet traceId= - Initializing Servlet 'dispatcherServlet'
2026-05-18 17:21:03.611 [http-nio-8080-exec-1] INFO  o.s.web.servlet.DispatcherServlet traceId= - Completed initialization in 2 ms
2026-05-18 17:21:04.377 [http-nio-8080-exec-1] INFO  c.alibaba.druid.pool.DruidDataSource traceId=6cad3531492542ec9ea2a71a017c78bf - {dataSource-1} inited
2026-05-18 18:29:28.756 [SpringApplicationShutdownHook] INFO  c.alibaba.druid.pool.DruidDataSource traceId= - {dataSource-1} closing ...
2026-05-18 18:29:28.759 [SpringApplicationShutdownHook] INFO  c.alibaba.druid.pool.DruidDataSource traceId= - {dataSource-1} closed
2026-05-18 18:29:32.094 [main] INFO  org.nmgyj.SdpServerApplication traceId= - Starting SdpServerApplication using Java 21.0.10 with PID 28680 (D:\CODE\Sdp\back-end\sdp-admin\sdp-server\target\classes started by 开发3 in D:\CODE\Sdp\back-end\sdp-admin)
2026-05-18 18:29:32.095 [main] INFO  org.nmgyj.SdpServerApplication traceId= - The following 1 profile is active: "dev"
2026-05-18 18:29:32.875 [main] INFO  o.s.d.r.c.RepositoryConfigurationDelegate traceId= - Multiple Spring Data modules found, entering strict repository configuration mode
2026-05-18 18:29:32.877 [main] INFO  o.s.d.r.c.RepositoryConfigurationDelegate traceId= - Bootstrapping Spring Data Redis repositories in DEFAULT mode.
2026-05-18 18:29:32.909 [main] INFO  o.s.d.r.c.RepositoryConfigurationDelegate traceId= - Finished Spring Data repository scanning in 21 ms. Found 0 Redis repository interfaces.
2026-05-18 18:29:33.362 [main] WARN  o.s.c.s.PostProcessorRegistrationDelegate$BeanPostProcessorChecker traceId= - Bean 'cn.dev33.satoken.aop.SaAopPointcutAdvisorBeanRegister' of type [cn.dev33.satoken.aop.SaAopPointcutAdvisorBeanRegister$$SpringCGLIB$$0] is not eligible for getting processed by all BeanPostProcessors (for example: not eligible for auto-proxying). Is this bean getting eagerly injected into a currently created BeanPostProcessor [projectingArgumentResolverBeanPostProcessor]? Check the corresponding BeanPostProcessor declaration and its dependencies.
2026-05-18 18:29:33.375 [main] WARN  o.s.c.s.PostProcessorRegistrationDelegate$BeanPostProcessorChecker traceId= - Bean 'saAroundAnnotationHandlePointcutAdvisor' of type [cn.dev33.satoken.aop.SaAroundAnnotationPointcutAdvisor] is not eligible for getting processed by all BeanPostProcessors (for example: not eligible for auto-proxying). Is this bean getting eagerly injected into a currently created BeanPostProcessor [projectingArgumentResolverBeanPostProcessor]? Check the corresponding BeanPostProcessor declaration and its dependencies.
2026-05-18 18:29:33.652 [main] INFO  o.s.b.w.e.tomcat.TomcatWebServer traceId= - Tomcat initialized with port 8080 (http)
2026-05-18 18:29:33.665 [main] INFO  o.a.coyote.http11.Http11NioProtocol traceId= - Initializing ProtocolHandler ["http-nio-8080"]
2026-05-18 18:29:33.666 [main] INFO  o.a.catalina.core.StandardService traceId= - Starting service [Tomcat]
2026-05-18 18:29:33.667 [main] INFO  o.a.catalina.core.StandardEngine traceId= - Starting Servlet engine: [Apache Tomcat/10.1.20]
2026-05-18 18:29:33.763 [main] INFO  o.a.c.c.C.[Tomcat].[localhost].[/] traceId= - Initializing Spring embedded WebApplicationContext
2026-05-18 18:29:33.763 [main] INFO  o.s.b.w.s.c.ServletWebServerApplicationContext traceId= - Root WebApplicationContext: initialization completed in 1636 ms
2026-05-18 18:29:35.450 [main] WARN  o.s.b.a.t.ThymeleafAutoConfiguration$DefaultTemplateResolverConfiguration traceId= - Cannot find template location: classpath:/templates/ (please add some templates, check your Thymeleaf configuration, or set spring.thymeleaf.check-template-location=false)
2026-05-18 18:29:35.497 [main] INFO  o.a.coyote.http11.Http11NioProtocol traceId= - Starting ProtocolHandler ["http-nio-8080"]
2026-05-18 18:29:35.517 [main] INFO  o.s.b.w.e.tomcat.TomcatWebServer traceId= - Tomcat started on port 8080 (http) with context path ''
2026-05-18 18:29:35.527 [main] INFO  org.nmgyj.SdpServerApplication traceId= - Started SdpServerApplication in 3.852 seconds (process running for 4.721)
2026-05-18 18:29:39.493 [http-nio-8080-exec-1] INFO  o.a.c.c.C.[Tomcat].[localhost].[/] traceId= - Initializing Spring DispatcherServlet 'dispatcherServlet'
2026-05-18 18:29:39.493 [http-nio-8080-exec-1] INFO  o.s.web.servlet.DispatcherServlet traceId= - Initializing Servlet 'dispatcherServlet'
2026-05-18 18:29:39.494 [http-nio-8080-exec-1] INFO  o.s.web.servlet.DispatcherServlet traceId= - Completed initialization in 1 ms
2026-05-18 18:29:40.166 [http-nio-8080-exec-1] INFO  c.alibaba.druid.pool.DruidDataSource traceId=6f855f0a77634f47ae37a6023ed6c3bd - {dataSource-1} inited
2026-05-18 18:38:59.782 [SpringApplicationShutdownHook] INFO  c.alibaba.druid.pool.DruidDataSource traceId= - {dataSource-1} closing ...
2026-05-18 18:38:59.784 [SpringApplicationShutdownHook] INFO  c.alibaba.druid.pool.DruidDataSource traceId= - {dataSource-1} closed
2026-05-18 18:39:03.376 [main] INFO  org.nmgyj.SdpServerApplication traceId= - Starting SdpServerApplication using Java 21.0.10 with PID 12768 (D:\CODE\Sdp\back-end\sdp-admin\sdp-server\target\classes started by 开发3 in D:\CODE\Sdp\back-end\sdp-admin)
2026-05-18 18:39:03.378 [main] INFO  org.nmgyj.SdpServerApplication traceId= - The following 1 profile is active: "dev"
2026-05-18 18:39:04.107 [main] INFO  o.s.d.r.c.RepositoryConfigurationDelegate traceId= - Multiple Spring Data modules found, entering strict repository configuration mode
2026-05-18 18:39:04.110 [main] INFO  o.s.d.r.c.RepositoryConfigurationDelegate traceId= - Bootstrapping Spring Data Redis repositories in DEFAULT mode.
2026-05-18 18:39:04.144 [main] INFO  o.s.d.r.c.RepositoryConfigurationDelegate traceId= - Finished Spring Data repository scanning in 21 ms. Found 0 Redis repository interfaces.
2026-05-18 18:39:04.591 [main] WARN  o.s.c.s.PostProcessorRegistrationDelegate$BeanPostProcessorChecker traceId= - Bean 'cn.dev33.satoken.aop.SaAopPointcutAdvisorBeanRegister' of type [cn.dev33.satoken.aop.SaAopPointcutAdvisorBeanRegister$$SpringCGLIB$$0] is not eligible for getting processed by all BeanPostProcessors (for example: not eligible for auto-proxying). Is this bean getting eagerly injected into a currently created BeanPostProcessor [projectingArgumentResolverBeanPostProcessor]? Check the corresponding BeanPostProcessor declaration and its dependencies.
2026-05-18 18:39:04.602 [main] WARN  o.s.c.s.PostProcessorRegistrationDelegate$BeanPostProcessorChecker traceId= - Bean 'saAroundAnnotationHandlePointcutAdvisor' of type [cn.dev33.satoken.aop.SaAroundAnnotationPointcutAdvisor] is not eligible for getting processed by all BeanPostProcessors (for example: not eligible for auto-proxying). Is this bean getting eagerly injected into a currently created BeanPostProcessor [projectingArgumentResolverBeanPostProcessor]? Check the corresponding BeanPostProcessor declaration and its dependencies.
2026-05-18 18:39:04.869 [main] INFO  o.s.b.w.e.tomcat.TomcatWebServer traceId= - Tomcat initialized with port 8080 (http)
2026-05-18 18:39:04.882 [main] INFO  o.a.coyote.http11.Http11NioProtocol traceId= - Initializing ProtocolHandler ["http-nio-8080"]
2026-05-18 18:39:04.883 [main] INFO  o.a.catalina.core.StandardService traceId= - Starting service [Tomcat]
2026-05-18 18:39:04.883 [main] INFO  o.a.catalina.core.StandardEngine traceId= - Starting Servlet engine: [Apache Tomcat/10.1.20]
2026-05-18 18:39:04.974 [main] INFO  o.a.c.c.C.[Tomcat].[localhost].[/] traceId= - Initializing Spring embedded WebApplicationContext
2026-05-18 18:39:04.975 [main] INFO  o.s.b.w.s.c.ServletWebServerApplicationContext traceId= - Root WebApplicationContext: initialization completed in 1565 ms
2026-05-18 18:39:06.641 [main] WARN  o.s.b.a.t.ThymeleafAutoConfiguration$DefaultTemplateResolverConfiguration traceId= - Cannot find template location: classpath:/templates/ (please add some templates, check your Thymeleaf configuration, or set spring.thymeleaf.check-template-location=false)
2026-05-18 18:39:06.685 [main] INFO  o.a.coyote.http11.Http11NioProtocol traceId= - Starting ProtocolHandler ["http-nio-8080"]
2026-05-18 18:39:06.706 [main] INFO  o.s.b.w.e.tomcat.TomcatWebServer traceId= - Tomcat started on port 8080 (http) with context path ''
2026-05-18 18:39:06.716 [main] INFO  org.nmgyj.SdpServerApplication traceId= - Started SdpServerApplication in 3.762 seconds (process running for 4.521)
2026-05-18 18:39:13.988 [http-nio-8080-exec-1] INFO  o.a.c.c.C.[Tomcat].[localhost].[/] traceId= - Initializing Spring DispatcherServlet 'dispatcherServlet'
2026-05-18 18:39:14.003 [http-nio-8080-exec-1] INFO  o.s.web.servlet.DispatcherServlet traceId= - Initializing Servlet 'dispatcherServlet'
2026-05-18 18:39:14.005 [http-nio-8080-exec-1] INFO  o.s.web.servlet.DispatcherServlet traceId= - Completed initialization in 2 ms
2026-05-18 18:39:14.590 [http-nio-8080-exec-1] INFO  c.alibaba.druid.pool.DruidDataSource traceId=52f63b48d7d64ec9974debbc67b283eb - {dataSource-1} inited
2026-05-18 18:42:30.892 [SpringApplicationShutdownHook] INFO  c.alibaba.druid.pool.DruidDataSource traceId= - {dataSource-1} closing ...
2026-05-18 18:42:30.894 [SpringApplicationShutdownHook] INFO  c.alibaba.druid.pool.DruidDataSource traceId= - {dataSource-1} closed
2026-05-18 18:42:34.651 [main] INFO  org.nmgyj.SdpServerApplication traceId= - Starting SdpServerApplication using Java 21.0.10 with PID 28728 (D:\CODE\Sdp\back-end\sdp-admin\sdp-server\target\classes started by 开发3 in D:\CODE\Sdp\back-end\sdp-admin)
2026-05-18 18:42:34.652 [main] INFO  org.nmgyj.SdpServerApplication traceId= - The following 1 profile is active: "dev"
2026-05-18 18:42:35.388 [main] INFO  o.s.d.r.c.RepositoryConfigurationDelegate traceId= - Multiple Spring Data modules found, entering strict repository configuration mode
2026-05-18 18:42:35.391 [main] INFO  o.s.d.r.c.RepositoryConfigurationDelegate traceId= - Bootstrapping Spring Data Redis repositories in DEFAULT mode.
2026-05-18 18:42:35.427 [main] INFO  o.s.d.r.c.RepositoryConfigurationDelegate traceId= - Finished Spring Data repository scanning in 23 ms. Found 0 Redis repository interfaces.
2026-05-18 18:42:35.885 [main] WARN  o.s.c.s.PostProcessorRegistrationDelegate$BeanPostProcessorChecker traceId= - Bean 'cn.dev33.satoken.aop.SaAopPointcutAdvisorBeanRegister' of type [cn.dev33.satoken.aop.SaAopPointcutAdvisorBeanRegister$$SpringCGLIB$$0] is not eligible for getting processed by all BeanPostProcessors (for example: not eligible for auto-proxying). Is this bean getting eagerly injected into a currently created BeanPostProcessor [projectingArgumentResolverBeanPostProcessor]? Check the corresponding BeanPostProcessor declaration and its dependencies.
2026-05-18 18:42:35.899 [main] WARN  o.s.c.s.PostProcessorRegistrationDelegate$BeanPostProcessorChecker traceId= - Bean 'saAroundAnnotationHandlePointcutAdvisor' of type [cn.dev33.satoken.aop.SaAroundAnnotationPointcutAdvisor] is not eligible for getting processed by all BeanPostProcessors (for example: not eligible for auto-proxying). Is this bean getting eagerly injected into a currently created BeanPostProcessor [projectingArgumentResolverBeanPostProcessor]? Check the corresponding BeanPostProcessor declaration and its dependencies.
2026-05-18 18:42:36.177 [main] INFO  o.s.b.w.e.tomcat.TomcatWebServer traceId= - Tomcat initialized with port 8080 (http)
2026-05-18 18:42:36.189 [main] INFO  o.a.coyote.http11.Http11NioProtocol traceId= - Initializing ProtocolHandler ["http-nio-8080"]
2026-05-18 18:42:36.190 [main] INFO  o.a.catalina.core.StandardService traceId= - Starting service [Tomcat]
2026-05-18 18:42:36.191 [main] INFO  o.a.catalina.core.StandardEngine traceId= - Starting Servlet engine: [Apache Tomcat/10.1.20]
2026-05-18 18:42:36.284 [main] INFO  o.a.c.c.C.[Tomcat].[localhost].[/] traceId= - Initializing Spring embedded WebApplicationContext
2026-05-18 18:42:36.285 [main] INFO  o.s.b.w.s.c.ServletWebServerApplicationContext traceId= - Root WebApplicationContext: initialization completed in 1600 ms
2026-05-18 18:42:37.973 [main] WARN  o.s.b.a.t.ThymeleafAutoConfiguration$DefaultTemplateResolverConfiguration traceId= - Cannot find template location: classpath:/templates/ (please add some templates, check your Thymeleaf configuration, or set spring.thymeleaf.check-template-location=false)
2026-05-18 18:42:38.018 [main] INFO  o.a.coyote.http11.Http11NioProtocol traceId= - Starting ProtocolHandler ["http-nio-8080"]
2026-05-18 18:42:38.040 [main] INFO  o.s.b.w.e.tomcat.TomcatWebServer traceId= - Tomcat started on port 8080 (http) with context path ''
2026-05-18 18:42:38.049 [main] INFO  org.nmgyj.SdpServerApplication traceId= - Started SdpServerApplication in 3.827 seconds (process running for 4.498)
2026-05-18 18:42:43.587 [http-nio-8080-exec-1] INFO  o.a.c.c.C.[Tomcat].[localhost].[/] traceId= - Initializing Spring DispatcherServlet 'dispatcherServlet'
2026-05-18 18:42:43.587 [http-nio-8080-exec-1] INFO  o.s.web.servlet.DispatcherServlet traceId= - Initializing Servlet 'dispatcherServlet'
2026-05-18 18:42:43.587 [http-nio-8080-exec-1] INFO  o.s.web.servlet.DispatcherServlet traceId= - Completed initialization in 0 ms
2026-05-18 18:42:44.148 [http-nio-8080-exec-1] INFO  c.alibaba.druid.pool.DruidDataSource traceId=2587a99798fa4588a09cda03e365b1d7 - {dataSource-1} inited
2026-05-18 19:26:38.584 [SpringApplicationShutdownHook] INFO  c.alibaba.druid.pool.DruidDataSource traceId= - {dataSource-1} closing ...
2026-05-18 19:26:38.586 [SpringApplicationShutdownHook] INFO  c.alibaba.druid.pool.DruidDataSource traceId= - {dataSource-1} closed
2026-05-18 19:26:42.507 [main] INFO  org.nmgyj.SdpServerApplication traceId= - Starting SdpServerApplication using Java 21.0.10 with PID 22020 (D:\CODE\Sdp\back-end\sdp-admin\sdp-server\target\classes started by 开发3 in D:\CODE\Sdp\back-end\sdp-admin)
2026-05-18 19:26:42.509 [main] INFO  org.nmgyj.SdpServerApplication traceId= - The following 1 profile is active: "dev"
2026-05-18 19:26:43.252 [main] INFO  o.s.d.r.c.RepositoryConfigurationDelegate traceId= - Multiple Spring Data modules found, entering strict repository configuration mode
2026-05-18 19:26:43.254 [main] INFO  o.s.d.r.c.RepositoryConfigurationDelegate traceId= - Bootstrapping Spring Data Redis repositories in DEFAULT mode.
2026-05-18 19:26:43.291 [main] INFO  o.s.d.r.c.RepositoryConfigurationDelegate traceId= - Finished Spring Data repository scanning in 24 ms. Found 0 Redis repository interfaces.
2026-05-18 19:26:43.763 [main] WARN  o.s.c.s.PostProcessorRegistrationDelegate$BeanPostProcessorChecker traceId= - Bean 'cn.dev33.satoken.aop.SaAopPointcutAdvisorBeanRegister' of type [cn.dev33.satoken.aop.SaAopPointcutAdvisorBeanRegister$$SpringCGLIB$$0] is not eligible for getting processed by all BeanPostProcessors (for example: not eligible for auto-proxying). Is this bean getting eagerly injected into a currently created BeanPostProcessor [projectingArgumentResolverBeanPostProcessor]? Check the corresponding BeanPostProcessor declaration and its dependencies.
2026-05-18 19:26:43.775 [main] WARN  o.s.c.s.PostProcessorRegistrationDelegate$BeanPostProcessorChecker traceId= - Bean 'saAroundAnnotationHandlePointcutAdvisor' of type [cn.dev33.satoken.aop.SaAroundAnnotationPointcutAdvisor] is not eligible for getting processed by all BeanPostProcessors (for example: not eligible for auto-proxying). Is this bean getting eagerly injected into a currently created BeanPostProcessor [projectingArgumentResolverBeanPostProcessor]? Check the corresponding BeanPostProcessor declaration and its dependencies.
2026-05-18 19:26:44.057 [main] INFO  o.s.b.w.e.tomcat.TomcatWebServer traceId= - Tomcat initialized with port 8080 (http)
2026-05-18 19:26:44.069 [main] INFO  o.a.coyote.http11.Http11NioProtocol traceId= - Initializing ProtocolHandler ["http-nio-8080"]
2026-05-18 19:26:44.070 [main] INFO  o.a.catalina.core.StandardService traceId= - Starting service [Tomcat]
2026-05-18 19:26:44.070 [main] INFO  o.a.catalina.core.StandardEngine traceId= - Starting Servlet engine: [Apache Tomcat/10.1.20]
2026-05-18 19:26:44.168 [main] INFO  o.a.c.c.C.[Tomcat].[localhost].[/] traceId= - Initializing Spring embedded WebApplicationContext
2026-05-18 19:26:44.169 [main] INFO  o.s.b.w.s.c.ServletWebServerApplicationContext traceId= - Root WebApplicationContext: initialization completed in 1631 ms
2026-05-18 19:26:45.870 [main] WARN  o.s.b.a.t.ThymeleafAutoConfiguration$DefaultTemplateResolverConfiguration traceId= - Cannot find template location: classpath:/templates/ (please add some templates, check your Thymeleaf configuration, or set spring.thymeleaf.check-template-location=false)
2026-05-18 19:26:45.917 [main] INFO  o.a.coyote.http11.Http11NioProtocol traceId= - Starting ProtocolHandler ["http-nio-8080"]
2026-05-18 19:26:45.936 [main] INFO  o.s.b.w.e.tomcat.TomcatWebServer traceId= - Tomcat started on port 8080 (http) with context path ''
2026-05-18 19:26:45.945 [main] INFO  org.nmgyj.SdpServerApplication traceId= - Started SdpServerApplication in 3.858 seconds (process running for 4.677)
2026-05-18 19:26:50.424 [http-nio-8080-exec-4] INFO  o.a.c.c.C.[Tomcat].[localhost].[/] traceId= - Initializing Spring DispatcherServlet 'dispatcherServlet'
2026-05-18 19:26:50.424 [http-nio-8080-exec-4] INFO  o.s.web.servlet.DispatcherServlet traceId= - Initializing Servlet 'dispatcherServlet'
2026-05-18 19:26:50.426 [http-nio-8080-exec-4] INFO  o.s.web.servlet.DispatcherServlet traceId= - Completed initialization in 1 ms
2026-05-18 19:26:50.979 [http-nio-8080-exec-4] INFO  c.alibaba.druid.pool.DruidDataSource traceId=a135244dd23542a49c81483f02f158d5 - {dataSource-1} inited
2026-05-18 20:42:02.715 [http-nio-8080-exec-3] WARN  o.n.a.service.AuditLogPersistService traceId=13c8d192488a49fe9b68ba4257e59a0e - persist audit log failed, traceId=13c8d192488a49fe9b68ba4257e59a0e, bizType=sys_user, bizId=, action=UPDATE_USER
2026-05-18 20:47:52.255 [SpringApplicationShutdownHook] INFO  c.alibaba.druid.pool.DruidDataSource traceId= - {dataSource-1} closing ...
2026-05-18 20:47:52.259 [SpringApplicationShutdownHook] INFO  c.alibaba.druid.pool.DruidDataSource traceId= - {dataSource-1} closed
2026-05-18 20:47:56.687 [main] INFO  org.nmgyj.SdpServerApplication traceId= - Starting SdpServerApplication using Java 21.0.10 with PID 25792 (D:\CODE\Sdp\back-end\sdp-admin\sdp-server\target\classes started by 开发3 in D:\CODE\Sdp\back-end\sdp-admin)
2026-05-18 20:47:56.688 [main] INFO  org.nmgyj.SdpServerApplication traceId= - The following 1 profile is active: "dev"
2026-05-18 20:47:57.431 [main] INFO  o.s.d.r.c.RepositoryConfigurationDelegate traceId= - Multiple Spring Data modules found, entering strict repository configuration mode
2026-05-18 20:47:57.434 [main] INFO  o.s.d.r.c.RepositoryConfigurationDelegate traceId= - Bootstrapping Spring Data Redis repositories in DEFAULT mode.
2026-05-18 20:47:57.470 [main] INFO  o.s.d.r.c.RepositoryConfigurationDelegate traceId= - Finished Spring Data repository scanning in 23 ms. Found 0 Redis repository interfaces.
2026-05-18 20:47:57.934 [main] WARN  o.s.c.s.PostProcessorRegistrationDelegate$BeanPostProcessorChecker traceId= - Bean 'cn.dev33.satoken.aop.SaAopPointcutAdvisorBeanRegister' of type [cn.dev33.satoken.aop.SaAopPointcutAdvisorBeanRegister$$SpringCGLIB$$0] is not eligible for getting processed by all BeanPostProcessors (for example: not eligible for auto-proxying). Is this bean getting eagerly injected into a currently created BeanPostProcessor [projectingArgumentResolverBeanPostProcessor]? Check the corresponding BeanPostProcessor declaration and its dependencies.
2026-05-18 20:47:57.949 [main] WARN  o.s.c.s.PostProcessorRegistrationDelegate$BeanPostProcessorChecker traceId= - Bean 'saAroundAnnotationHandlePointcutAdvisor' of type [cn.dev33.satoken.aop.SaAroundAnnotationPointcutAdvisor] is not eligible for getting processed by all BeanPostProcessors (for example: not eligible for auto-proxying). Is this bean getting eagerly injected into a currently created BeanPostProcessor [projectingArgumentResolverBeanPostProcessor]? Check the corresponding BeanPostProcessor declaration and its dependencies.
2026-05-18 20:47:58.230 [main] INFO  o.s.b.w.e.tomcat.TomcatWebServer traceId= - Tomcat initialized with port 8080 (http)
2026-05-18 20:47:58.242 [main] INFO  o.a.coyote.http11.Http11NioProtocol traceId= - Initializing ProtocolHandler ["http-nio-8080"]
2026-05-18 20:47:58.245 [main] INFO  o.a.catalina.core.StandardService traceId= - Starting service [Tomcat]
2026-05-18 20:47:58.245 [main] INFO  o.a.catalina.core.StandardEngine traceId= - Starting Servlet engine: [Apache Tomcat/10.1.20]
2026-05-18 20:47:58.337 [main] INFO  o.a.c.c.C.[Tomcat].[localhost].[/] traceId= - Initializing Spring embedded WebApplicationContext
2026-05-18 20:47:58.337 [main] INFO  o.s.b.w.s.c.ServletWebServerApplicationContext traceId= - Root WebApplicationContext: initialization completed in 1618 ms
2026-05-18 20:48:00.013 [main] WARN  o.s.b.a.t.ThymeleafAutoConfiguration$DefaultTemplateResolverConfiguration traceId= - Cannot find template location: classpath:/templates/ (please add some templates, check your Thymeleaf configuration, or set spring.thymeleaf.check-template-location=false)
2026-05-18 20:48:00.058 [main] INFO  o.a.coyote.http11.Http11NioProtocol traceId= - Starting ProtocolHandler ["http-nio-8080"]
2026-05-18 20:48:00.076 [main] INFO  o.s.b.w.e.tomcat.TomcatWebServer traceId= - Tomcat started on port 8080 (http) with context path ''
2026-05-18 20:48:00.084 [main] INFO  org.nmgyj.SdpServerApplication traceId= - Started SdpServerApplication in 3.826 seconds (process running for 4.466)
2026-05-18 20:48:07.476 [http-nio-8080-exec-2] INFO  o.a.c.c.C.[Tomcat].[localhost].[/] traceId= - Initializing Spring DispatcherServlet 'dispatcherServlet'
2026-05-18 20:48:07.476 [http-nio-8080-exec-2] INFO  o.s.web.servlet.DispatcherServlet traceId= - Initializing Servlet 'dispatcherServlet'
2026-05-18 20:48:07.476 [http-nio-8080-exec-2] INFO  o.s.web.servlet.DispatcherServlet traceId= - Completed initialization in 0 ms
2026-05-18 20:48:07.983 [http-nio-8080-exec-2] INFO  c.alibaba.druid.pool.DruidDataSource traceId=438be6cdecd64fb1bf8019840ea6c9c5 - {dataSource-1} inited
2026-05-18 21:02:10.534 [SpringApplicationShutdownHook] INFO  c.alibaba.druid.pool.DruidDataSource traceId= - {dataSource-1} closing ...
2026-05-18 21:02:10.536 [SpringApplicationShutdownHook] INFO  c.alibaba.druid.pool.DruidDataSource traceId= - {dataSource-1} closed
